INFO: 2022-04-28 19:30:57,064: main() 'Using profile folder /home/angel/.config/variety/'
INFO: 2022-04-28 19:30:57,067: perform_upgrade() 'Last run version was 0.8.6 or earlier, current version is 0.8.6'
INFO: 2022-04-28 19:30:57,198: process_command() 'Received command: []'
INFO: 2022-04-28 19:30:57,200: load_banned() 'Missing or invalid banned URLs list, no URLs will be banned'
INFO: 2022-04-28 19:30:57,212: start() 'Using data_path /usr/share/variety'
INFO: 2022-04-28 19:30:57,212: load() 'Jumble loading'
INFO: 2022-04-28 19:30:57,213: _walk_modules() 'Jumble loading module in __init__ from /usr/lib/python3.10/site-packages/variety/plugins/builtin/__init__.py'
INFO: 2022-04-28 19:30:57,214: _walk_modules() 'Jumble loading module in WallhavenDownloader from /usr/lib/python3.10/site-packages/variety/plugins/builtin/downloaders/WallhavenDownloader.py'
INFO: 2022-04-28 19:30:57,215: _walk_modules() 'Jumble loading module in RedditDownloader from /usr/lib/python3.10/site-packages/variety/plugins/builtin/downloaders/RedditDownloader.py'
INFO: 2022-04-28 19:30:57,216: _walk_modules() 'Jumble loading module in MediaRSSDownloader from /usr/lib/python3.10/site-packages/variety/plugins/builtin/downloaders/MediaRSSDownloader.py'
INFO: 2022-04-28 19:30:57,217: _walk_modules() 'Jumble loading module in UnsplashDownloader from /usr/lib/python3.10/site-packages/variety/plugins/builtin/downloaders/UnsplashDownloader.py'
INFO: 2022-04-28 19:30:57,218: load() 'Jumble found plugin class: <class 'UnsplashDownloader.UnsplashDownloader'>: {'name': 'UnsplashDownloader', 'description': 'High-resolution photos from Unsplash.com', 'author': 'Peter Levi', 'version': '0.1'}'
INFO: 2022-04-28 19:30:57,218: _walk_modules() 'Jumble loading module in RedditSource from /usr/lib/python3.10/site-packages/variety/plugins/builtin/downloaders/RedditSource.py'
INFO: 2022-04-28 19:30:57,219: load() 'Jumble found plugin class: <class 'RedditSource.RedditSource'>: {'name': 'RedditSource', 'description': 'Configurable source for fetching images from Reddit', 'author': 'Peter Levi', 'version': '0.1'}'
INFO: 2022-04-28 19:30:57,220: _walk_modules() 'Jumble loading module in BingDownloader from /usr/lib/python3.10/site-packages/variety/plugins/builtin/downloaders/BingDownloader.py'
INFO: 2022-04-28 19:30:57,220: load() 'Jumble found plugin class: <class 'BingDownloader.BingDownloader'>: {'name': 'BingDownloader', 'description': 'Bing Photo of the Day', 'author': 'Peter Levi', 'version': '0.1'}'
INFO: 2022-04-28 19:30:57,221: _walk_modules() 'Jumble loading module in APODDownloader from /usr/lib/python3.10/site-packages/variety/plugins/builtin/downloaders/APODDownloader.py'
INFO: 2022-04-28 19:30:57,221: load() 'Jumble found plugin class: <class 'APODDownloader.APODDownloader'>: {'name': 'APODDownloader', 'description': 'NASA Astro Pic of the Day', 'author': 'Peter Levi', 'version': '0.1'}'
INFO: 2022-04-28 19:30:57,221: _walk_modules() 'Jumble loading module in ArtStationDownloader from /usr/lib/python3.10/site-packages/variety/plugins/builtin/downloaders/ArtStationDownloader.py'
INFO: 2022-04-28 19:30:57,222: _walk_modules() 'Jumble loading module in UnsplashConfigurableSource from /usr/lib/python3.10/site-packages/variety/plugins/builtin/downloaders/UnsplashConfigurableSource.py'
INFO: 2022-04-28 19:30:57,223: load() 'Jumble found plugin class: <class 'UnsplashConfigurableSource.UnsplashConfigurableSource'>: {'name': 'UnsplashConfigurableSource', 'description': 'Configurable source for fetching photos from Unsplash.com', 'author': 'Peter Levi', 'version': '0.1'}'
INFO: 2022-04-28 19:30:57,223: _walk_modules() 'Jumble loading module in ArtStationSource from /usr/lib/python3.10/site-packages/variety/plugins/builtin/downloaders/ArtStationSource.py'
INFO: 2022-04-28 19:30:57,224: load() 'Jumble found plugin class: <class 'ArtStationSource.ArtStationSource'>: {'name': 'ArtStationSource', 'description': 'Configurable source for fetching images from ArtStation', 'author': 'Denis Gordeev', 'version': '0.1'}'
INFO: 2022-04-28 19:30:57,224: _walk_modules() 'Jumble loading module in WallhavenSource from /usr/lib/python3.10/site-packages/variety/plugins/builtin/downloaders/WallhavenSource.py'
INFO: 2022-04-28 19:30:57,225: load() 'Jumble found plugin class: <class 'WallhavenSource.WallhavenSource'>: {'name': 'WallhavenSource', 'description': 'Configurable source for fetching images from Wallhaven.cc', 'author': 'Peter Levi', 'version': '0.1'}'
INFO: 2022-04-28 19:30:57,225: _walk_modules() 'Jumble loading module in __init__ from /usr/lib/python3.10/site-packages/variety/plugins/builtin/downloaders/__init__.py'
INFO: 2022-04-28 19:30:57,226: _walk_modules() 'Jumble loading module in NationalGeographicDownloader from /usr/lib/python3.10/site-packages/variety/plugins/builtin/downloaders/NationalGeographicDownloader.py'
INFO: 2022-04-28 19:30:57,226: load() 'Jumble found plugin class: <class 'NationalGeographicDownloader.NationalGeographicDownloader'>: {'name': 'NationalGeographicDownloader', 'description': "National Geographic's photo of the day", 'author': 'Eric Rösch', 'version': '0.1'}'
INFO: 2022-04-28 19:30:57,226: _walk_modules() 'Jumble loading module in EarthviewDownloader from /usr/lib/python3.10/site-packages/variety/plugins/builtin/downloaders/EarthviewDownloader.py'
INFO: 2022-04-28 19:30:57,227: load() 'Jumble found plugin class: <class 'EarthviewDownloader.EarthviewDownloader'>: {'name': 'EarthviewDownloader', 'description': 'Google Earth View Wallpapers', 'author': 'Peter Levi', 'version': '0.1'}'
INFO: 2022-04-28 19:30:57,227: _walk_modules() 'Jumble loading module in MediaRSSSource from /usr/lib/python3.10/site-packages/variety/plugins/builtin/downloaders/MediaRSSSource.py'
INFO: 2022-04-28 19:30:57,228: load() 'Jumble found plugin class: <class 'MediaRSSSource.MediaRSSSource'>: {'name': 'MediaRSSSource', 'description': 'Configurable source for fetching images from MediaRSS feeds', 'author': 'Peter Levi', 'version': '0.1'}'
INFO: 2022-04-28 19:30:57,229: _walk_modules() 'Jumble loading module in UrbanDictionarySource from /usr/lib/python3.10/site-packages/variety/plugins/builtin/quotes/UrbanDictionarySource.py'
INFO: 2022-04-28 19:30:57,229: load() 'Jumble found plugin class: <class 'UrbanDictionarySource.UrbanDictionarySource'>: {'name': 'Urban Dictionary', 'description': 'Displays definitions from Urban Dictionary', 'author': 'James Miller', 'version': '0.1'}'
INFO: 2022-04-28 19:30:57,229: _walk_modules() 'Jumble loading module in QuotationsPageSource from /usr/lib/python3.10/site-packages/variety/plugins/builtin/quotes/QuotationsPageSource.py'
INFO: 2022-04-28 19:30:57,235: load() 'Jumble found plugin class: <class 'QuotationsPageSource.QuotationsPageSource'>: {'name': 'TheQuotationsPage.com', 'description': 'Fetches quotes from TheQuotationsPage.com', 'author': 'Peter Levi', 'version': '0.1'}'
INFO: 2022-04-28 19:30:57,235: _walk_modules() 'Jumble loading module in GoodreadsSource from /usr/lib/python3.10/site-packages/variety/plugins/builtin/quotes/GoodreadsSource.py'
INFO: 2022-04-28 19:30:57,236: load() 'Jumble found plugin class: <class 'GoodreadsSource.GoodreadsSource'>: {'name': 'Goodreads', 'description': 'Fetches quotes from Goodreads.com', 'author': 'Peter Levi', 'version': '0.1'}'
INFO: 2022-04-28 19:30:57,236: _walk_modules() 'Jumble loading module in LocalFilesSource from /usr/lib/python3.10/site-packages/variety/plugins/builtin/quotes/LocalFilesSource.py'
INFO: 2022-04-28 19:30:57,237: load() 'Jumble found plugin class: <class 'LocalFilesSource.LocalFilesSource'>: {'name': 'Local text files', 'description': 'Displays quotes, defined in local text files.\nPut your own txt files in: ~/.config/variety/pluginconfig/quotes/.\nThe file format is:\n\nquote -- author\n.\nsecond quote -- another author\n.\netc...\n\nExample: http://rvelthuis.de/zips/quotes.txt', 'author': 'Peter Levi', 'version': '0.1'}'
INFO: 2022-04-28 19:30:57,237: _walk_modules() 'Jumble loading module in FortuneSource from /usr/lib/python3.10/site-packages/variety/plugins/builtin/quotes/FortuneSource.py'
INFO: 2022-04-28 19:30:57,238: load() 'Jumble found plugin class: <class 'FortuneSource.FortuneSource'>: {'name': 'UNIX fortune program', 'description': 'Displays quotes using the UNIX fortune program. You may want to install additional fortune packs, e.g. fortunes-bofh-excuses.', 'author': 'Dan Jones', 'version': '0.1'}'
INFO: 2022-04-28 19:30:57,238: _walk_modules() 'Jumble loading module in __init__ from /usr/lib/python3.10/site-packages/variety/plugins/builtin/quotes/__init__.py'
ERROR: 2022-04-28 19:30:57,239: get_xdg_pictures_folder() 'Could not get path to Pictures folder. Defaulting to ~/Pictures.'
Traceback (most recent call last):
  File "/usr/lib/python3.10/site-packages/variety/Util.py", line 794, in get_xdg_pictures_folder
    raise Exception("Could not get path to Pictures folder. Defaulting to ~/Pictures.")
Exception: Could not get path to Pictures folder. Defaulting to ~/Pictures.
ERROR: 2022-04-28 19:30:57,241: get_xdg_pictures_folder() 'Could not get path to Pictures folder. Defaulting to ~/Pictures.'
Traceback (most recent call last):
  File "/usr/lib/python3.10/site-packages/variety/Util.py", line 794, in get_xdg_pictures_folder
    raise Exception("Could not get path to Pictures folder. Defaulting to ~/Pictures.")
Exception: Could not get path to Pictures folder. Defaulting to ~/Pictures.
INFO: 2022-04-28 19:30:57,245: log_options() 'Loaded options:'
INFO: 2022-04-28 19:30:57,245: log_options() 'change_enabled = True'
INFO: 2022-04-28 19:30:57,245: log_options() 'change_interval = 60'
INFO: 2022-04-28 19:30:57,245: log_options() 'change_on_start = True'
INFO: 2022-04-28 19:30:57,245: log_options() 'clipboard_enabled = False'
INFO: 2022-04-28 19:30:57,245: log_options() 'clipboard_hosts = ['wallhaven.cc', 'wallpapers.net', 'flickr.com', 'imgur.com', 'deviantart.com', 'interfacelift.com', 'vladstudio.com', 'imageshack.us', 'deviantart.net', 'imageshack.com']'
INFO: 2022-04-28 19:30:57,245: log_options() 'clipboard_use_whitelist = True'
INFO: 2022-04-28 19:30:57,245: log_options() 'clock_date_font = SF Pro Text Semi-Bold Italic 30'
INFO: 2022-04-28 19:30:57,245: log_options() 'clock_enabled = False'
INFO: 2022-04-28 19:30:57,245: log_options() 'clock_filter = -density 100 -font `fc-match -f '%{file[0]}' '%CLOCK_FONT_NAME'` -pointsize %CLOCK_FONT_SIZE -gravity SouthEast -fill '#00000044' -annotate 0x0+[%HOFFSET+58]+[%VOFFSET+108] '%H:%M' -fill white -annotate 0x0+[%HOFFSET+60]+[%VOFFSET+110] '%H:%M' -font `fc-match -f '%{file[0]}' '%DATE_FONT_NAME'` -pointsize %DATE_FONT_SIZE -fill '#00000044' -annotate 0x0+[%HOFFSET+58]+[%VOFFSET+58] '%A, %B %d' -fill white -annotate 0x0+[%HOFFSET+60]+[%VOFFSET+60] '%A, %B %d''
INFO: 2022-04-28 19:30:57,245: log_options() 'clock_font = SF Pro Text Semi-Bold Italic 70'
INFO: 2022-04-28 19:30:57,245: log_options() 'configfile = /home/angel/.config/variety/variety.conf'
INFO: 2022-04-28 19:30:57,245: log_options() 'copyto_enabled = False'
INFO: 2022-04-28 19:30:57,246: log_options() 'copyto_folder = Default'
INFO: 2022-04-28 19:30:57,246: log_options() 'desired_color = [160, 160, 160]'
INFO: 2022-04-28 19:30:57,246: log_options() 'desired_color_enabled = False'
INFO: 2022-04-28 19:30:57,246: log_options() 'download_folder = /home/angel/.config/variety/Downloaded'
INFO: 2022-04-28 19:30:57,246: log_options() 'download_preference_ratio = 0.9'
INFO: 2022-04-28 19:30:57,246: log_options() 'favorites_folder = /home/angel/Desktop/Images/Best-wallpapers'
INFO: 2022-04-28 19:30:57,246: log_options() 'favorites_operations = [['Downloaded', 'Copy'], ['Fetched', 'Move'], ['Others', 'Copy']]'
INFO: 2022-04-28 19:30:57,246: log_options() 'fetched_folder = /home/angel/.config/variety/Fetched'
INFO: 2022-04-28 19:30:57,246: log_options() 'filters = [[False, 'Keep original', ''], [False, 'Grayscale', '-type Grayscale'], [False, 'Heavy blur', '-blur 120x40'], [False, 'Soft blur', '-blur 20x7'], [False, 'Oil painting', '-paint 8'], [False, 'Pointilism', '-spread 10 -noise 3'], [False, 'Pixellate', '-scale 3% -scale 3333%']]'
INFO: 2022-04-28 19:30:57,246: log_options() 'icon = Light'
INFO: 2022-04-28 19:30:57,246: log_options() 'lightness_enabled = False'
INFO: 2022-04-28 19:30:57,246: log_options() 'lightness_mode = 0'
INFO: 2022-04-28 19:30:57,246: log_options() 'min_rating = 4'
INFO: 2022-04-28 19:30:57,246: log_options() 'min_rating_enabled = False'
INFO: 2022-04-28 19:30:57,246: log_options() 'min_size = 80'
INFO: 2022-04-28 19:30:57,246: log_options() 'min_size_enabled = False'
INFO: 2022-04-28 19:30:57,246: log_options() 'quota_enabled = True'
INFO: 2022-04-28 19:30:57,246: log_options() 'quota_size = 1000'
INFO: 2022-04-28 19:30:57,246: log_options() 'quotes_authors = '
INFO: 2022-04-28 19:30:57,246: log_options() 'quotes_bg_color = [80, 80, 80]'
INFO: 2022-04-28 19:30:57,246: log_options() 'quotes_bg_opacity = 0'
INFO: 2022-04-28 19:30:57,246: log_options() 'quotes_change_enabled = False'
INFO: 2022-04-28 19:30:57,246: log_options() 'quotes_change_interval = 60'
INFO: 2022-04-28 19:30:57,246: log_options() 'quotes_disabled_sources = ['']'
INFO: 2022-04-28 19:30:57,246: log_options() 'quotes_enabled = False'
INFO: 2022-04-28 19:30:57,246: log_options() 'quotes_favorites_file = /home/angel/.config/variety/favorite_quotes.txt'
INFO: 2022-04-28 19:30:57,246: log_options() 'quotes_font = Bitstream Charter 30'
INFO: 2022-04-28 19:30:57,246: log_options() 'quotes_hpos = 100'
INFO: 2022-04-28 19:30:57,246: log_options() 'quotes_max_length = 250'
INFO: 2022-04-28 19:30:57,246: log_options() 'quotes_tags = '
INFO: 2022-04-28 19:30:57,246: log_options() 'quotes_text_color = [255, 255, 255]'
INFO: 2022-04-28 19:30:57,246: log_options() 'quotes_text_shadow = False'
INFO: 2022-04-28 19:30:57,246: log_options() 'quotes_vpos = 1'
INFO: 2022-04-28 19:30:57,246: log_options() 'quotes_width = 100'
INFO: 2022-04-28 19:30:57,246: log_options() 'safe_mode = False'
INFO: 2022-04-28 19:30:57,246: log_options() 'slideshow_custom_enabled = False'
INFO: 2022-04-28 19:30:57,246: log_options() 'slideshow_custom_folder = /home/angel/Pictures'
INFO: 2022-04-28 19:30:57,246: log_options() 'slideshow_downloads_enabled = False'
INFO: 2022-04-28 19:30:57,246: log_options() 'slideshow_fade = 0.4'
INFO: 2022-04-28 19:30:57,246: log_options() 'slideshow_favorites_enabled = True'
INFO: 2022-04-28 19:30:57,247: log_options() 'slideshow_mode = Fullscreen'
INFO: 2022-04-28 19:30:57,247: log_options() 'slideshow_monitor = All'
INFO: 2022-04-28 19:30:57,247: log_options() 'slideshow_pan = 0.05'
INFO: 2022-04-28 19:30:57,247: log_options() 'slideshow_seconds = 6.0'
INFO: 2022-04-28 19:30:57,247: log_options() 'slideshow_sort_order = Random'
INFO: 2022-04-28 19:30:57,247: log_options() 'slideshow_sources_enabled = True'
INFO: 2022-04-28 19:30:57,247: log_options() 'slideshow_zoom = 0.2'
INFO: 2022-04-28 19:30:57,247: log_options() 'smart_enabled = False'
INFO: 2022-04-28 19:30:57,247: log_options() 'smart_notice_shown = False'
INFO: 2022-04-28 19:30:57,247: log_options() 'smart_register_shown = False'
INFO: 2022-04-28 19:30:57,247: log_options() 'sources = [[True, 'favorites', 'The Favorites folder'], [False, 'fetched', 'The Fetched folder'], [False, 'folder', '/usr/share/backgrounds'], [False, 'flickr', 'user:www.flickr.com/photos/peter-levi/;user_id:93647178@N00;'], [False, 'apod', "NASA's Astronomy Picture of the Day"], [False, 'bing', 'Bing Photo of the Day'], [False, 'earthview', 'Google Earth View Wallpapers'], [False, 'unsplash', 'High-resolution photos from Unsplash.com'], [False, 'folder', '/home/angel/Images/Live wallpapers'], [False, 'natgeo', "National Geographic's photo of the day"]]'
INFO: 2022-04-28 19:30:57,247: log_options() 'stats_enabled = True'
INFO: 2022-04-28 19:30:57,247: log_options() 'stats_notice_shown = False'
INFO: 2022-04-28 19:30:57,247: log_options() 'sync_enabled = True'
INFO: 2022-04-28 19:30:57,247: log_options() 'use_landscape_enabled = True'
INFO: 2022-04-28 19:30:57,247: reload_config() 'No need to clear prepared queue'
INFO: 2022-04-28 19:30:57,247: update_indicator() 'Setting file info to: /home/angel/Desktop/Images/Best-wallpapers/wallpaperflare.com_wallpaper (8).jpg'
INFO: 2022-04-28 19:30:57,251: load_last_change_time() 'Change interval < 6 hours, ignore persisted last_change_time, wait initially the whole interval: 60'
INFO: 2022-04-28 19:30:57,251: update_indicator() 'Setting file info to: /home/angel/Desktop/Images/Best-wallpapers/wallpaperflare.com_wallpaper (8).jpg'
INFO: 2022-04-28 19:30:57,252: regular_change_thread() 'regular_change thread running'
INFO: 2022-04-28 19:30:57,252: prepare_thread() 'Prepare thread running'
INFO: 2022-04-28 19:30:57,252: prepare_thread() 'Prepared buffer contains 0 images'
INFO: 2022-04-28 19:30:57,252: prepare_thread() 'Preparing some images'
INFO: 2022-04-28 19:30:57,253: update_indicator_icon() 'Creating indicator'
WARNING: 2022-04-28 19:30:57,261: create_menu() 'Variety Slideshow is not installed. This is an optional extension adding pan-and-zoom slideshows to Variety: see https://github.com/peterlevi/variety-slideshow for details'
INFO: 2022-04-28 19:30:57,262: create_indicator() 'indicator backend: AppIndicator3'
INFO: 2022-04-28 19:30:57,283: prepare_thread() 'After search prepared buffer contains 17 images'
INFO: 2022-04-28 19:30:57,293: set_from_theme_icon() 'Showing indicator icon variety-indicator from GTK theme'
INFO: 2022-04-28 19:30:57,352: do_set_wp() 'Calling do_set_wp with /home/angel/Desktop/Images/Best-wallpapers/wallpaperflare.com_wallpaper (8).jpg, time: 1651188657.3522077'
INFO: 2022-04-28 19:30:57,360: update_indicator() 'Setting file info to: /home/angel/Desktop/Images/Best-wallpapers/wallpaperflare.com_wallpaper (8).jpg'
INFO: 2022-04-28 19:30:57,360: list_files() 'More than 1 files in the folders, stop listing'
INFO: 2022-04-28 19:30:58,547: reload() 'Reloading preferences dialog'
ERROR: 2022-04-28 19:30:58,547: get_xdg_pictures_folder() 'Could not get path to Pictures folder. Defaulting to ~/Pictures.'
Traceback (most recent call last):
  File "/usr/lib/python3.10/site-packages/variety/Util.py", line 794, in get_xdg_pictures_folder
    raise Exception("Could not get path to Pictures folder. Defaulting to ~/Pictures.")
Exception: Could not get path to Pictures folder. Defaulting to ~/Pictures.
ERROR: 2022-04-28 19:30:58,548: get_xdg_pictures_folder() 'Could not get path to Pictures folder. Defaulting to ~/Pictures.'
Traceback (most recent call last):
  File "/usr/lib/python3.10/site-packages/variety/Util.py", line 794, in get_xdg_pictures_folder
    raise Exception("Could not get path to Pictures folder. Defaulting to ~/Pictures.")
Exception: Could not get path to Pictures folder. Defaulting to ~/Pictures.
ERROR: 2022-04-28 19:30:58,550: get_xdg_pictures_folder() 'Could not get path to Pictures folder. Defaulting to ~/Pictures.'
Traceback (most recent call last):
  File "/usr/lib/python3.10/site-packages/variety/Util.py", line 794, in get_xdg_pictures_folder
    raise Exception("Could not get path to Pictures folder. Defaulting to ~/Pictures.")
Exception: Could not get path to Pictures folder. Defaulting to ~/Pictures.
ERROR: 2022-04-28 19:30:58,550: get_file_icon_name() 'Exception while obtaining folder icon for /home/angel/Pictures:'
Traceback (most recent call last):
  File "/usr/lib/python3.10/site-packages/variety/Util.py", line 779, in get_file_icon_name
    query_info = f.query_info("standard::icon", Gio.FileQueryInfoFlags.NONE, None)
gi.repository.GLib.GError: g-io-error-quark: Error when getting information for file “/home/angel/Pictures”: No such file or directory (1)
ERROR: 2022-04-28 19:30:58,551: get_file_icon_name() 'Exception while obtaining folder icon for /home/angel/Pictures:'
Traceback (most recent call last):
  File "/usr/lib/python3.10/site-packages/variety/Util.py", line 779, in get_file_icon_name
    query_info = f.query_info("standard::icon", Gio.FileQueryInfoFlags.NONE, None)
gi.repository.GLib.GError: g-io-error-quark: Error when getting information for file “/home/angel/Pictures”: No such file or directory (1)
INFO: 2022-04-28 19:30:59,284: trigger_download() 'Triggering download thread to check if download needed'
INFO: 2022-04-28 19:31:02,252: set_wallpaper() 'Calling set_wallpaper with /home/angel/Desktop/Images/Best-wallpapers/wallpaperflare.com_wallpaper (10).jpg'
INFO: 2022-04-28 19:31:02,253: prepare_thread() 'Prepared buffer contains 16 images'
INFO: 2022-04-28 19:31:02,253: do_set_wp() 'Calling do_set_wp with /home/angel/Desktop/Images/Best-wallpapers/wallpaperflare.com_wallpaper (10).jpg, time: 1651188662.2539265'
INFO: 2022-04-28 19:31:02,265: update_indicator() 'Setting file info to: /home/angel/Desktop/Images/Best-wallpapers/wallpaperflare.com_wallpaper (10).jpg'
INFO: 2022-04-28 19:31:02,266: list_files() 'More than 1 files in the folders, stop listing'
INFO: 2022-04-28 19:31:04,254: trigger_download() 'Triggering download thread to check if download needed'
INFO: 2022-04-28 19:31:17,261: server_options_thread() 'Fetching server options from http://tiny.cc/variety-options-063'
INFO: 2022-04-28 19:31:18,885: server_options_thread() 'Fetched server options: {'flickr': {'min_fill_queue_interval': 1200, 'min_download_interval': 1200}, 'wallbase': {'min_fill_queue_interval': 1800, 'min_download_interval': 1800}, 'wallhaven': {'min_fill_queue_interval': 1800, 'min_download_interval': 1800}, 'wallpapers.net': {'min_fill_queue_interval': 601, 'min_download_interval': 0}, 'unsplash': {'min_fill_queue_interval': 20000000000, 'min_download_interval': 20000000000}, 'unsplash_v2': {'min_fill_queue_interval': 3600, 'min_download_interval': 1800}, 'status_message': {'0.0.1': '', '*': ''}}'
INFO: 2022-04-28 19:31:35,279: process_command() 'Received command: ['--preferences']'
INFO: 2022-04-28 19:31:35,285: process_command() 'Received command: ['--preferences']'
INFO: 2022-04-28 19:31:35,290: reload() 'Reloading preferences dialog'
ERROR: 2022-04-28 19:31:35,290: get_xdg_pictures_folder() 'Could not get path to Pictures folder. Defaulting to ~/Pictures.'
Traceback (most recent call last):
  File "/usr/lib/python3.10/site-packages/variety/Util.py", line 794, in get_xdg_pictures_folder
    raise Exception("Could not get path to Pictures folder. Defaulting to ~/Pictures.")
Exception: Could not get path to Pictures folder. Defaulting to ~/Pictures.
ERROR: 2022-04-28 19:31:35,293: get_xdg_pictures_folder() 'Could not get path to Pictures folder. Defaulting to ~/Pictures.'
Traceback (most recent call last):
  File "/usr/lib/python3.10/site-packages/variety/Util.py", line 794, in get_xdg_pictures_folder
    raise Exception("Could not get path to Pictures folder. Defaulting to ~/Pictures.")
Exception: Could not get path to Pictures folder. Defaulting to ~/Pictures.
ERROR: 2022-04-28 19:31:35,294: get_xdg_pictures_folder() 'Could not get path to Pictures folder. Defaulting to ~/Pictures.'
Traceback (most recent call last):
  File "/usr/lib/python3.10/site-packages/variety/Util.py", line 794, in get_xdg_pictures_folder
    raise Exception("Could not get path to Pictures folder. Defaulting to ~/Pictures.")
Exception: Could not get path to Pictures folder. Defaulting to ~/Pictures.
ERROR: 2022-04-28 19:31:35,294: get_file_icon_name() 'Exception while obtaining folder icon for /home/angel/Pictures:'
Traceback (most recent call last):
  File "/usr/lib/python3.10/site-packages/variety/Util.py", line 779, in get_file_icon_name
    query_info = f.query_info("standard::icon", Gio.FileQueryInfoFlags.NONE, None)
gi.repository.GLib.GError: g-io-error-quark: Error when getting information for file “/home/angel/Pictures”: No such file or directory (1)
ERROR: 2022-04-28 19:31:35,295: get_file_icon_name() 'Exception while obtaining folder icon for /home/angel/Pictures:'
Traceback (most recent call last):
  File "/usr/lib/python3.10/site-packages/variety/Util.py", line 779, in get_file_icon_name
    query_info = f.query_info("standard::icon", Gio.FileQueryInfoFlags.NONE, None)
gi.repository.GLib.GError: g-io-error-quark: Error when getting information for file “/home/angel/Pictures”: No such file or directory (1)
INFO: 2022-04-28 19:31:40,367: trigger_download() 'Triggering download thread to check if download needed'
INFO: 2022-04-28 19:32:02,490: regular_change_thread() 'regular_change changes wallpaper'
INFO: 2022-04-28 19:32:02,490: set_wallpaper() 'Calling set_wallpaper with /home/angel/Desktop/Images/Best-wallpapers/445.jpg'
INFO: 2022-04-28 19:32:02,490: prepare_thread() 'Prepared buffer contains 15 images'
INFO: 2022-04-28 19:32:02,491: do_set_wp() 'Calling do_set_wp with /home/angel/Desktop/Images/Best-wallpapers/445.jpg, time: 1651188722.4913025'
INFO: 2022-04-28 19:32:02,502: update_indicator() 'Setting file info to: /home/angel/Desktop/Images/Best-wallpapers/445.jpg'
INFO: 2022-04-28 19:32:02,502: list_files() 'More than 1 files in the folders, stop listing'
INFO: 2022-04-28 19:32:04,491: trigger_download() 'Triggering download thread to check if download needed'
INFO: 2022-04-28 19:33:02,656: regular_change_thread() 'regular_change changes wallpaper'
INFO: 2022-04-28 19:33:02,657: set_wallpaper() 'Calling set_wallpaper with /home/angel/Desktop/Images/Best-wallpapers/wallpaperflare.com_wallpaper.jpg'
INFO: 2022-04-28 19:33:02,657: prepare_thread() 'Prepared buffer contains 14 images'
INFO: 2022-04-28 19:33:02,657: do_set_wp() 'Calling do_set_wp with /home/angel/Desktop/Images/Best-wallpapers/wallpaperflare.com_wallpaper.jpg, time: 1651188782.657798'
INFO: 2022-04-28 19:33:02,669: update_indicator() 'Setting file info to: /home/angel/Desktop/Images/Best-wallpapers/wallpaperflare.com_wallpaper.jpg'
INFO: 2022-04-28 19:33:02,670: list_files() 'More than 1 files in the folders, stop listing'
INFO: 2022-04-28 19:33:04,657: trigger_download() 'Triggering download thread to check if download needed'
INFO: 2022-04-28 19:34:02,818: regular_change_thread() 'regular_change changes wallpaper'
INFO: 2022-04-28 19:34:02,819: set_wallpaper() 'Calling set_wallpaper with /home/angel/Desktop/Images/Best-wallpapers/wallpaperflare.com_wallpaper (5).jpg'
INFO: 2022-04-28 19:34:02,819: do_set_wp() 'Calling do_set_wp with /home/angel/Desktop/Images/Best-wallpapers/wallpaperflare.com_wallpaper (5).jpg, time: 1651188842.8193996'
INFO: 2022-04-28 19:34:02,819: prepare_thread() 'Prepared buffer contains 13 images'
INFO: 2022-04-28 19:34:02,833: update_indicator() 'Setting file info to: /home/angel/Desktop/Images/Best-wallpapers/wallpaperflare.com_wallpaper (5).jpg'
INFO: 2022-04-28 19:34:02,833: list_files() 'More than 1 files in the folders, stop listing'
INFO: 2022-04-28 19:34:04,820: trigger_download() 'Triggering download thread to check if download needed'
INFO: 2022-04-28 19:35:03,083: regular_change_thread() 'regular_change changes wallpaper'
INFO: 2022-04-28 19:35:03,083: set_wallpaper() 'Calling set_wallpaper with /home/angel/Desktop/Images/Best-wallpapers/2118.jpg'
INFO: 2022-04-28 19:35:03,084: prepare_thread() 'Prepared buffer contains 12 images'
INFO: 2022-04-28 19:35:03,084: do_set_wp() 'Calling do_set_wp with /home/angel/Desktop/Images/Best-wallpapers/2118.jpg, time: 1651188903.0846448'
INFO: 2022-04-28 19:35:03,095: update_indicator() 'Setting file info to: /home/angel/Desktop/Images/Best-wallpapers/2118.jpg'
INFO: 2022-04-28 19:35:03,096: list_files() 'More than 1 files in the folders, stop listing'
INFO: 2022-04-28 19:35:05,084: trigger_download() 'Triggering download thread to check if download needed'
INFO: 2022-04-28 19:36:03,256: regular_change_thread() 'regular_change changes wallpaper'
INFO: 2022-04-28 19:36:03,256: set_wallpaper() 'Calling set_wallpaper with /home/angel/Desktop/Images/Best-wallpapers/wallpaperflare.com_wallpaper (4).jpg'
INFO: 2022-04-28 19:36:03,256: prepare_thread() 'Prepared buffer contains 11 images'
INFO: 2022-04-28 19:36:03,256: do_set_wp() 'Calling do_set_wp with /home/angel/Desktop/Images/Best-wallpapers/wallpaperflare.com_wallpaper (4).jpg, time: 1651188963.256681'
INFO: 2022-04-28 19:36:03,266: update_indicator() 'Setting file info to: /home/angel/Desktop/Images/Best-wallpapers/wallpaperflare.com_wallpaper (4).jpg'
INFO: 2022-04-28 19:36:03,266: list_files() 'More than 1 files in the folders, stop listing'
INFO: 2022-04-28 19:36:05,257: trigger_download() 'Triggering download thread to check if download needed'
INFO: 2022-04-28 19:36:31,363: process_command() 'Received command: ['--preferences']'
INFO: 2022-04-28 19:36:31,366: reload() 'Reloading preferences dialog'
ERROR: 2022-04-28 19:36:31,366: get_xdg_pictures_folder() 'Could not get path to Pictures folder. Defaulting to ~/Pictures.'
Traceback (most recent call last):
  File "/usr/lib/python3.10/site-packages/variety/Util.py", line 794, in get_xdg_pictures_folder
    raise Exception("Could not get path to Pictures folder. Defaulting to ~/Pictures.")
Exception: Could not get path to Pictures folder. Defaulting to ~/Pictures.
ERROR: 2022-04-28 19:36:31,369: get_xdg_pictures_folder() 'Could not get path to Pictures folder. Defaulting to ~/Pictures.'
Traceback (most recent call last):
  File "/usr/lib/python3.10/site-packages/variety/Util.py", line 794, in get_xdg_pictures_folder
    raise Exception("Could not get path to Pictures folder. Defaulting to ~/Pictures.")
Exception: Could not get path to Pictures folder. Defaulting to ~/Pictures.
ERROR: 2022-04-28 19:36:31,370: get_xdg_pictures_folder() 'Could not get path to Pictures folder. Defaulting to ~/Pictures.'
Traceback (most recent call last):
  File "/usr/lib/python3.10/site-packages/variety/Util.py", line 794, in get_xdg_pictures_folder
    raise Exception("Could not get path to Pictures folder. Defaulting to ~/Pictures.")
Exception: Could not get path to Pictures folder. Defaulting to ~/Pictures.
ERROR: 2022-04-28 19:36:31,371: get_file_icon_name() 'Exception while obtaining folder icon for /home/angel/Pictures:'
Traceback (most recent call last):
  File "/usr/lib/python3.10/site-packages/variety/Util.py", line 779, in get_file_icon_name
    query_info = f.query_info("standard::icon", Gio.FileQueryInfoFlags.NONE, None)
gi.repository.GLib.GError: g-io-error-quark: Error when getting information for file “/home/angel/Pictures”: No such file or directory (1)
ERROR: 2022-04-28 19:36:31,371: get_file_icon_name() 'Exception while obtaining folder icon for /home/angel/Pictures:'
Traceback (most recent call last):
  File "/usr/lib/python3.10/site-packages/variety/Util.py", line 779, in get_file_icon_name
    query_info = f.query_info("standard::icon", Gio.FileQueryInfoFlags.NONE, None)
gi.repository.GLib.GError: g-io-error-quark: Error when getting information for file “/home/angel/Pictures”: No such file or directory (1)
INFO: 2022-04-28 19:36:31,421: process_command() 'Received command: ['--preferences']'
INFO: 2022-04-28 19:36:33,574: trigger_download() 'Triggering download thread to check if download needed'
INFO: 2022-04-28 19:37:03,483: regular_change_thread() 'regular_change changes wallpaper'
INFO: 2022-04-28 19:37:03,484: set_wallpaper() 'Calling set_wallpaper with /home/angel/Desktop/Images/Best-wallpapers/unknown.png'
INFO: 2022-04-28 19:37:03,484: prepare_thread() 'Prepared buffer contains 10 images'
INFO: 2022-04-28 19:37:03,484: do_set_wp() 'Calling do_set_wp with /home/angel/Desktop/Images/Best-wallpapers/unknown.png, time: 1651189023.484921'
INFO: 2022-04-28 19:37:03,496: update_indicator() 'Setting file info to: /home/angel/Desktop/Images/Best-wallpapers/unknown.png'
INFO: 2022-04-28 19:37:03,497: list_files() 'More than 1 files in the folders, stop listing'
INFO: 2022-04-28 19:37:05,486: trigger_download() 'Triggering download thread to check if download needed'
INFO: 2022-04-28 19:37:37,619: process_command() 'Received command: ['--preferences']'
INFO: 2022-04-28 19:37:37,623: reload() 'Reloading preferences dialog'
ERROR: 2022-04-28 19:37:37,623: get_xdg_pictures_folder() 'Could not get path to Pictures folder. Defaulting to ~/Pictures.'
Traceback (most recent call last):
  File "/usr/lib/python3.10/site-packages/variety/Util.py", line 794, in get_xdg_pictures_folder
    raise Exception("Could not get path to Pictures folder. Defaulting to ~/Pictures.")
Exception: Could not get path to Pictures folder. Defaulting to ~/Pictures.
ERROR: 2022-04-28 19:37:37,625: get_xdg_pictures_folder() 'Could not get path to Pictures folder. Defaulting to ~/Pictures.'
Traceback (most recent call last):
  File "/usr/lib/python3.10/site-packages/variety/Util.py", line 794, in get_xdg_pictures_folder
    raise Exception("Could not get path to Pictures folder. Defaulting to ~/Pictures.")
Exception: Could not get path to Pictures folder. Defaulting to ~/Pictures.
ERROR: 2022-04-28 19:37:37,625: get_xdg_pictures_folder() 'Could not get path to Pictures folder. Defaulting to ~/Pictures.'
Traceback (most recent call last):
  File "/usr/lib/python3.10/site-packages/variety/Util.py", line 794, in get_xdg_pictures_folder
    raise Exception("Could not get path to Pictures folder. Defaulting to ~/Pictures.")
Exception: Could not get path to Pictures folder. Defaulting to ~/Pictures.
ERROR: 2022-04-28 19:37:37,626: get_file_icon_name() 'Exception while obtaining folder icon for /home/angel/Pictures:'
Traceback (most recent call last):
  File "/usr/lib/python3.10/site-packages/variety/Util.py", line 779, in get_file_icon_name
    query_info = f.query_info("standard::icon", Gio.FileQueryInfoFlags.NONE, None)
gi.repository.GLib.GError: g-io-error-quark: Error when getting information for file “/home/angel/Pictures”: No such file or directory (1)
ERROR: 2022-04-28 19:37:37,626: get_file_icon_name() 'Exception while obtaining folder icon for /home/angel/Pictures:'
Traceback (most recent call last):
  File "/usr/lib/python3.10/site-packages/variety/Util.py", line 779, in get_file_icon_name
    query_info = f.query_info("standard::icon", Gio.FileQueryInfoFlags.NONE, None)
gi.repository.GLib.GError: g-io-error-quark: Error when getting information for file “/home/angel/Pictures”: No such file or directory (1)
INFO: 2022-04-28 19:37:37,652: process_command() 'Received command: ['--preferences']'
INFO: 2022-04-28 19:37:39,545: trigger_download() 'Triggering download thread to check if download needed'
INFO: 2022-04-28 19:38:03,593: regular_change_thread() 'regular_change changes wallpaper'
INFO: 2022-04-28 19:38:03,593: set_wallpaper() 'Calling set_wallpaper with /home/angel/Desktop/Images/Best-wallpapers/wallpaperflare.com_wallpaper (1) (copy).jpg'
INFO: 2022-04-28 19:38:03,593: prepare_thread() 'Prepared buffer contains 9 images'
INFO: 2022-04-28 19:38:03,594: do_set_wp() 'Calling do_set_wp with /home/angel/Desktop/Images/Best-wallpapers/wallpaperflare.com_wallpaper (1) (copy).jpg, time: 1651189083.5943167'
INFO: 2022-04-28 19:38:03,606: update_indicator() 'Setting file info to: /home/angel/Desktop/Images/Best-wallpapers/wallpaperflare.com_wallpaper (1) (copy).jpg'
INFO: 2022-04-28 19:38:03,607: list_files() 'More than 1 files in the folders, stop listing'
INFO: 2022-04-28 19:38:05,594: trigger_download() 'Triggering download thread to check if download needed'
INFO: 2022-04-28 19:38:21,626: process_command() 'Received command: ['--preferences']'
INFO: 2022-04-28 19:38:21,630: reload() 'Reloading preferences dialog'
ERROR: 2022-04-28 19:38:21,630: get_xdg_pictures_folder() 'Could not get path to Pictures folder. Defaulting to ~/Pictures.'
Traceback (most recent call last):
  File "/usr/lib/python3.10/site-packages/variety/Util.py", line 794, in get_xdg_pictures_folder
    raise Exception("Could not get path to Pictures folder. Defaulting to ~/Pictures.")
Exception: Could not get path to Pictures folder. Defaulting to ~/Pictures.
ERROR: 2022-04-28 19:38:21,631: get_xdg_pictures_folder() 'Could not get path to Pictures folder. Defaulting to ~/Pictures.'
Traceback (most recent call last):
  File "/usr/lib/python3.10/site-packages/variety/Util.py", line 794, in get_xdg_pictures_folder
    raise Exception("Could not get path to Pictures folder. Defaulting to ~/Pictures.")
Exception: Could not get path to Pictures folder. Defaulting to ~/Pictures.
ERROR: 2022-04-28 19:38:21,632: get_xdg_pictures_folder() 'Could not get path to Pictures folder. Defaulting to ~/Pictures.'
Traceback (most recent call last):
  File "/usr/lib/python3.10/site-packages/variety/Util.py", line 794, in get_xdg_pictures_folder
    raise Exception("Could not get path to Pictures folder. Defaulting to ~/Pictures.")
Exception: Could not get path to Pictures folder. Defaulting to ~/Pictures.
ERROR: 2022-04-28 19:38:21,633: get_file_icon_name() 'Exception while obtaining folder icon for /home/angel/Pictures:'
Traceback (most recent call last):
  File "/usr/lib/python3.10/site-packages/variety/Util.py", line 779, in get_file_icon_name
    query_info = f.query_info("standard::icon", Gio.FileQueryInfoFlags.NONE, None)
gi.repository.GLib.GError: g-io-error-quark: Error when getting information for file “/home/angel/Pictures”: No such file or directory (1)
ERROR: 2022-04-28 19:38:21,633: get_file_icon_name() 'Exception while obtaining folder icon for /home/angel/Pictures:'
Traceback (most recent call last):
  File "/usr/lib/python3.10/site-packages/variety/Util.py", line 779, in get_file_icon_name
    query_info = f.query_info("standard::icon", Gio.FileQueryInfoFlags.NONE, None)
gi.repository.GLib.GError: g-io-error-quark: Error when getting information for file “/home/angel/Pictures”: No such file or directory (1)
INFO: 2022-04-28 19:38:21,658: process_command() 'Received command: ['--preferences']'
INFO: 2022-04-28 19:38:25,347: trigger_download() 'Triggering download thread to check if download needed'
INFO: 2022-04-28 19:38:46,437: process_command() 'Received command: ['--preferences']'
INFO: 2022-04-28 19:38:46,441: reload() 'Reloading preferences dialog'
ERROR: 2022-04-28 19:38:46,441: get_xdg_pictures_folder() 'Could not get path to Pictures folder. Defaulting to ~/Pictures.'
Traceback (most recent call last):
  File "/usr/lib/python3.10/site-packages/variety/Util.py", line 794, in get_xdg_pictures_folder
    raise Exception("Could not get path to Pictures folder. Defaulting to ~/Pictures.")
Exception: Could not get path to Pictures folder. Defaulting to ~/Pictures.
ERROR: 2022-04-28 19:38:46,443: get_xdg_pictures_folder() 'Could not get path to Pictures folder. Defaulting to ~/Pictures.'
Traceback (most recent call last):
  File "/usr/lib/python3.10/site-packages/variety/Util.py", line 794, in get_xdg_pictures_folder
    raise Exception("Could not get path to Pictures folder. Defaulting to ~/Pictures.")
Exception: Could not get path to Pictures folder. Defaulting to ~/Pictures.
ERROR: 2022-04-28 19:38:46,444: get_xdg_pictures_folder() 'Could not get path to Pictures folder. Defaulting to ~/Pictures.'
Traceback (most recent call last):
  File "/usr/lib/python3.10/site-packages/variety/Util.py", line 794, in get_xdg_pictures_folder
    raise Exception("Could not get path to Pictures folder. Defaulting to ~/Pictures.")
Exception: Could not get path to Pictures folder. Defaulting to ~/Pictures.
ERROR: 2022-04-28 19:38:46,444: get_file_icon_name() 'Exception while obtaining folder icon for /home/angel/Pictures:'
Traceback (most recent call last):
  File "/usr/lib/python3.10/site-packages/variety/Util.py", line 779, in get_file_icon_name
    query_info = f.query_info("standard::icon", Gio.FileQueryInfoFlags.NONE, None)
gi.repository.GLib.GError: g-io-error-quark: Error when getting information for file “/home/angel/Pictures”: No such file or directory (1)
ERROR: 2022-04-28 19:38:46,445: get_file_icon_name() 'Exception while obtaining folder icon for /home/angel/Pictures:'
Traceback (most recent call last):
  File "/usr/lib/python3.10/site-packages/variety/Util.py", line 779, in get_file_icon_name
    query_info = f.query_info("standard::icon", Gio.FileQueryInfoFlags.NONE, None)
gi.repository.GLib.GError: g-io-error-quark: Error when getting information for file “/home/angel/Pictures”: No such file or directory (1)
INFO: 2022-04-28 19:38:46,496: process_command() 'Received command: ['--preferences']'
INFO: 2022-04-28 19:38:48,986: trigger_download() 'Triggering download thread to check if download needed'
INFO: 2022-04-28 19:39:03,768: regular_change_thread() 'regular_change changes wallpaper'
INFO: 2022-04-28 19:39:03,768: set_wallpaper() 'Calling set_wallpaper with /home/angel/Desktop/Images/Best-wallpapers/wallpaperflare.com_wallpaper (8).jpg'
INFO: 2022-04-28 19:39:03,768: prepare_thread() 'Prepared buffer contains 8 images'
INFO: 2022-04-28 19:39:03,769: prepare_thread() 'Preparing some images'
INFO: 2022-04-28 19:39:03,769: do_set_wp() 'Calling do_set_wp with /home/angel/Desktop/Images/Best-wallpapers/wallpaperflare.com_wallpaper (8).jpg, time: 1651189143.7695994'
INFO: 2022-04-28 19:39:03,775: prepare_thread() 'After search prepared buffer contains 17 images'
INFO: 2022-04-28 19:39:03,782: update_indicator() 'Setting file info to: /home/angel/Desktop/Images/Best-wallpapers/wallpaperflare.com_wallpaper (8).jpg'
INFO: 2022-04-28 19:39:03,783: list_files() 'More than 1 files in the folders, stop listing'
INFO: 2022-04-28 19:39:05,775: trigger_download() 'Triggering download thread to check if download needed'
INFO: 2022-04-28 19:39:26,071: process_command() 'Received command: ['--preferences']'
INFO: 2022-04-28 19:39:26,076: reload() 'Reloading preferences dialog'
ERROR: 2022-04-28 19:39:26,076: get_xdg_pictures_folder() 'Could not get path to Pictures folder. Defaulting to ~/Pictures.'
Traceback (most recent call last):
  File "/usr/lib/python3.10/site-packages/variety/Util.py", line 794, in get_xdg_pictures_folder
    raise Exception("Could not get path to Pictures folder. Defaulting to ~/Pictures.")
Exception: Could not get path to Pictures folder. Defaulting to ~/Pictures.
ERROR: 2022-04-28 19:39:26,078: get_xdg_pictures_folder() 'Could not get path to Pictures folder. Defaulting to ~/Pictures.'
Traceback (most recent call last):
  File "/usr/lib/python3.10/site-packages/variety/Util.py", line 794, in get_xdg_pictures_folder
    raise Exception("Could not get path to Pictures folder. Defaulting to ~/Pictures.")
Exception: Could not get path to Pictures folder. Defaulting to ~/Pictures.
ERROR: 2022-04-28 19:39:26,080: get_xdg_pictures_folder() 'Could not get path to Pictures folder. Defaulting to ~/Pictures.'
Traceback (most recent call last):
  File "/usr/lib/python3.10/site-packages/variety/Util.py", line 794, in get_xdg_pictures_folder
    raise Exception("Could not get path to Pictures folder. Defaulting to ~/Pictures.")
Exception: Could not get path to Pictures folder. Defaulting to ~/Pictures.
ERROR: 2022-04-28 19:39:26,080: get_file_icon_name() 'Exception while obtaining folder icon for /home/angel/Pictures:'
Traceback (most recent call last):
  File "/usr/lib/python3.10/site-packages/variety/Util.py", line 779, in get_file_icon_name
    query_info = f.query_info("standard::icon", Gio.FileQueryInfoFlags.NONE, None)
gi.repository.GLib.GError: g-io-error-quark: Error when getting information for file “/home/angel/Pictures”: No such file or directory (1)
ERROR: 2022-04-28 19:39:26,081: get_file_icon_name() 'Exception while obtaining folder icon for /home/angel/Pictures:'
Traceback (most recent call last):
  File "/usr/lib/python3.10/site-packages/variety/Util.py", line 779, in get_file_icon_name
    query_info = f.query_info("standard::icon", Gio.FileQueryInfoFlags.NONE, None)
gi.repository.GLib.GError: g-io-error-quark: Error when getting information for file “/home/angel/Pictures”: No such file or directory (1)
INFO: 2022-04-28 19:39:26,116: process_command() 'Received command: ['--preferences']'
INFO: 2022-04-28 19:39:27,205: trigger_download() 'Triggering download thread to check if download needed'
INFO: 2022-04-28 19:39:35,976: process_command() 'Received command: ['--preferences']'
INFO: 2022-04-28 19:39:35,980: reload() 'Reloading preferences dialog'
ERROR: 2022-04-28 19:39:35,980: get_xdg_pictures_folder() 'Could not get path to Pictures folder. Defaulting to ~/Pictures.'
Traceback (most recent call last):
  File "/usr/lib/python3.10/site-packages/variety/Util.py", line 794, in get_xdg_pictures_folder
    raise Exception("Could not get path to Pictures folder. Defaulting to ~/Pictures.")
Exception: Could not get path to Pictures folder. Defaulting to ~/Pictures.
ERROR: 2022-04-28 19:39:35,983: get_xdg_pictures_folder() 'Could not get path to Pictures folder. Defaulting to ~/Pictures.'
Traceback (most recent call last):
  File "/usr/lib/python3.10/site-packages/variety/Util.py", line 794, in get_xdg_pictures_folder
    raise Exception("Could not get path to Pictures folder. Defaulting to ~/Pictures.")
Exception: Could not get path to Pictures folder. Defaulting to ~/Pictures.
ERROR: 2022-04-28 19:39:35,984: get_xdg_pictures_folder() 'Could not get path to Pictures folder. Defaulting to ~/Pictures.'
Traceback (most recent call last):
  File "/usr/lib/python3.10/site-packages/variety/Util.py", line 794, in get_xdg_pictures_folder
    raise Exception("Could not get path to Pictures folder. Defaulting to ~/Pictures.")
Exception: Could not get path to Pictures folder. Defaulting to ~/Pictures.
ERROR: 2022-04-28 19:39:35,984: get_file_icon_name() 'Exception while obtaining folder icon for /home/angel/Pictures:'
Traceback (most recent call last):
  File "/usr/lib/python3.10/site-packages/variety/Util.py", line 779, in get_file_icon_name
    query_info = f.query_info("standard::icon", Gio.FileQueryInfoFlags.NONE, None)
gi.repository.GLib.GError: g-io-error-quark: Error when getting information for file “/home/angel/Pictures”: No such file or directory (1)
ERROR: 2022-04-28 19:39:35,985: get_file_icon_name() 'Exception while obtaining folder icon for /home/angel/Pictures:'
Traceback (most recent call last):
  File "/usr/lib/python3.10/site-packages/variety/Util.py", line 779, in get_file_icon_name
    query_info = f.query_info("standard::icon", Gio.FileQueryInfoFlags.NONE, None)
gi.repository.GLib.GError: g-io-error-quark: Error when getting information for file “/home/angel/Pictures”: No such file or directory (1)
INFO: 2022-04-28 19:39:36,034: process_command() 'Received command: ['--preferences']'
INFO: 2022-04-28 19:39:37,705: trigger_download() 'Triggering download thread to check if download needed'
INFO: 2022-04-28 19:39:44,538: process_command() 'Received command: ['--preferences']'
INFO: 2022-04-28 19:39:44,541: reload() 'Reloading preferences dialog'
ERROR: 2022-04-28 19:39:44,541: get_xdg_pictures_folder() 'Could not get path to Pictures folder. Defaulting to ~/Pictures.'
Traceback (most recent call last):
  File "/usr/lib/python3.10/site-packages/variety/Util.py", line 794, in get_xdg_pictures_folder
    raise Exception("Could not get path to Pictures folder. Defaulting to ~/Pictures.")
Exception: Could not get path to Pictures folder. Defaulting to ~/Pictures.
ERROR: 2022-04-28 19:39:44,543: get_xdg_pictures_folder() 'Could not get path to Pictures folder. Defaulting to ~/Pictures.'
Traceback (most recent call last):
  File "/usr/lib/python3.10/site-packages/variety/Util.py", line 794, in get_xdg_pictures_folder
    raise Exception("Could not get path to Pictures folder. Defaulting to ~/Pictures.")
Exception: Could not get path to Pictures folder. Defaulting to ~/Pictures.
ERROR: 2022-04-28 19:39:44,544: get_xdg_pictures_folder() 'Could not get path to Pictures folder. Defaulting to ~/Pictures.'
Traceback (most recent call last):
  File "/usr/lib/python3.10/site-packages/variety/Util.py", line 794, in get_xdg_pictures_folder
    raise Exception("Could not get path to Pictures folder. Defaulting to ~/Pictures.")
Exception: Could not get path to Pictures folder. Defaulting to ~/Pictures.
ERROR: 2022-04-28 19:39:44,544: get_file_icon_name() 'Exception while obtaining folder icon for /home/angel/Pictures:'
Traceback (most recent call last):
  File "/usr/lib/python3.10/site-packages/variety/Util.py", line 779, in get_file_icon_name
    query_info = f.query_info("standard::icon", Gio.FileQueryInfoFlags.NONE, None)
gi.repository.GLib.GError: g-io-error-quark: Error when getting information for file “/home/angel/Pictures”: No such file or directory (1)
ERROR: 2022-04-28 19:39:44,545: get_file_icon_name() 'Exception while obtaining folder icon for /home/angel/Pictures:'
Traceback (most recent call last):
  File "/usr/lib/python3.10/site-packages/variety/Util.py", line 779, in get_file_icon_name
    query_info = f.query_info("standard::icon", Gio.FileQueryInfoFlags.NONE, None)
gi.repository.GLib.GError: g-io-error-quark: Error when getting information for file “/home/angel/Pictures”: No such file or directory (1)
INFO: 2022-04-28 19:39:44,669: process_command() 'Received command: ['--preferences']'
INFO: 2022-04-28 19:39:46,008: trigger_download() 'Triggering download thread to check if download needed'
INFO: 2022-04-28 19:39:51,964: process_command() 'Received command: ['--preferences']'
INFO: 2022-04-28 19:39:51,967: reload() 'Reloading preferences dialog'
ERROR: 2022-04-28 19:39:51,967: get_xdg_pictures_folder() 'Could not get path to Pictures folder. Defaulting to ~/Pictures.'
Traceback (most recent call last):
  File "/usr/lib/python3.10/site-packages/variety/Util.py", line 794, in get_xdg_pictures_folder
    raise Exception("Could not get path to Pictures folder. Defaulting to ~/Pictures.")
Exception: Could not get path to Pictures folder. Defaulting to ~/Pictures.
ERROR: 2022-04-28 19:39:51,969: get_xdg_pictures_folder() 'Could not get path to Pictures folder. Defaulting to ~/Pictures.'
Traceback (most recent call last):
  File "/usr/lib/python3.10/site-packages/variety/Util.py", line 794, in get_xdg_pictures_folder
    raise Exception("Could not get path to Pictures folder. Defaulting to ~/Pictures.")
Exception: Could not get path to Pictures folder. Defaulting to ~/Pictures.
ERROR: 2022-04-28 19:39:51,969: get_xdg_pictures_folder() 'Could not get path to Pictures folder. Defaulting to ~/Pictures.'
Traceback (most recent call last):
  File "/usr/lib/python3.10/site-packages/variety/Util.py", line 794, in get_xdg_pictures_folder
    raise Exception("Could not get path to Pictures folder. Defaulting to ~/Pictures.")
Exception: Could not get path to Pictures folder. Defaulting to ~/Pictures.
ERROR: 2022-04-28 19:39:51,970: get_file_icon_name() 'Exception while obtaining folder icon for /home/angel/Pictures:'
Traceback (most recent call last):
  File "/usr/lib/python3.10/site-packages/variety/Util.py", line 779, in get_file_icon_name
    query_info = f.query_info("standard::icon", Gio.FileQueryInfoFlags.NONE, None)
gi.repository.GLib.GError: g-io-error-quark: Error when getting information for file “/home/angel/Pictures”: No such file or directory (1)
ERROR: 2022-04-28 19:39:51,970: get_file_icon_name() 'Exception while obtaining folder icon for /home/angel/Pictures:'
Traceback (most recent call last):
  File "/usr/lib/python3.10/site-packages/variety/Util.py", line 779, in get_file_icon_name
    query_info = f.query_info("standard::icon", Gio.FileQueryInfoFlags.NONE, None)
gi.repository.GLib.GError: g-io-error-quark: Error when getting information for file “/home/angel/Pictures”: No such file or directory (1)
INFO: 2022-04-28 19:39:52,029: process_command() 'Received command: ['--preferences']'
INFO: 2022-04-28 19:39:53,392: trigger_download() 'Triggering download thread to check if download needed'
INFO: 2022-04-28 19:40:01,795: process_command() 'Received command: ['--preferences']'
INFO: 2022-04-28 19:40:01,800: reload() 'Reloading preferences dialog'
ERROR: 2022-04-28 19:40:01,800: get_xdg_pictures_folder() 'Could not get path to Pictures folder. Defaulting to ~/Pictures.'
Traceback (most recent call last):
  File "/usr/lib/python3.10/site-packages/variety/Util.py", line 794, in get_xdg_pictures_folder
    raise Exception("Could not get path to Pictures folder. Defaulting to ~/Pictures.")
Exception: Could not get path to Pictures folder. Defaulting to ~/Pictures.
ERROR: 2022-04-28 19:40:01,802: get_xdg_pictures_folder() 'Could not get path to Pictures folder. Defaulting to ~/Pictures.'
Traceback (most recent call last):
  File "/usr/lib/python3.10/site-packages/variety/Util.py", line 794, in get_xdg_pictures_folder
    raise Exception("Could not get path to Pictures folder. Defaulting to ~/Pictures.")
Exception: Could not get path to Pictures folder. Defaulting to ~/Pictures.
ERROR: 2022-04-28 19:40:01,803: get_xdg_pictures_folder() 'Could not get path to Pictures folder. Defaulting to ~/Pictures.'
Traceback (most recent call last):
  File "/usr/lib/python3.10/site-packages/variety/Util.py", line 794, in get_xdg_pictures_folder
    raise Exception("Could not get path to Pictures folder. Defaulting to ~/Pictures.")
Exception: Could not get path to Pictures folder. Defaulting to ~/Pictures.
ERROR: 2022-04-28 19:40:01,803: get_file_icon_name() 'Exception while obtaining folder icon for /home/angel/Pictures:'
Traceback (most recent call last):
  File "/usr/lib/python3.10/site-packages/variety/Util.py", line 779, in get_file_icon_name
    query_info = f.query_info("standard::icon", Gio.FileQueryInfoFlags.NONE, None)
gi.repository.GLib.GError: g-io-error-quark: Error when getting information for file “/home/angel/Pictures”: No such file or directory (1)
ERROR: 2022-04-28 19:40:01,803: get_file_icon_name() 'Exception while obtaining folder icon for /home/angel/Pictures:'
Traceback (most recent call last):
  File "/usr/lib/python3.10/site-packages/variety/Util.py", line 779, in get_file_icon_name
    query_info = f.query_info("standard::icon", Gio.FileQueryInfoFlags.NONE, None)
gi.repository.GLib.GError: g-io-error-quark: Error when getting information for file “/home/angel/Pictures”: No such file or directory (1)
INFO: 2022-04-28 19:40:01,831: process_command() 'Received command: ['--preferences']'
INFO: 2022-04-28 19:40:03,078: trigger_download() 'Triggering download thread to check if download needed'
INFO: 2022-04-28 19:40:03,936: regular_change_thread() 'regular_change changes wallpaper'
INFO: 2022-04-28 19:40:03,936: set_wallpaper() 'Calling set_wallpaper with /home/angel/Desktop/Images/Best-wallpapers/2118.jpg'
INFO: 2022-04-28 19:40:03,936: prepare_thread() 'Prepared buffer contains 16 images'
INFO: 2022-04-28 19:40:03,937: do_set_wp() 'Calling do_set_wp with /home/angel/Desktop/Images/Best-wallpapers/2118.jpg, time: 1651189203.9370894'
INFO: 2022-04-28 19:40:03,948: update_indicator() 'Setting file info to: /home/angel/Desktop/Images/Best-wallpapers/2118.jpg'
INFO: 2022-04-28 19:40:03,948: list_files() 'More than 1 files in the folders, stop listing'
INFO: 2022-04-28 19:40:05,937: trigger_download() 'Triggering download thread to check if download needed'
INFO: 2022-04-28 19:40:10,938: process_command() 'Received command: ['--preferences']'
INFO: 2022-04-28 19:40:10,941: reload() 'Reloading preferences dialog'
ERROR: 2022-04-28 19:40:10,941: get_xdg_pictures_folder() 'Could not get path to Pictures folder. Defaulting to ~/Pictures.'
Traceback (most recent call last):
  File "/usr/lib/python3.10/site-packages/variety/Util.py", line 794, in get_xdg_pictures_folder
    raise Exception("Could not get path to Pictures folder. Defaulting to ~/Pictures.")
Exception: Could not get path to Pictures folder. Defaulting to ~/Pictures.
ERROR: 2022-04-28 19:40:10,942: get_xdg_pictures_folder() 'Could not get path to Pictures folder. Defaulting to ~/Pictures.'
Traceback (most recent call last):
  File "/usr/lib/python3.10/site-packages/variety/Util.py", line 794, in get_xdg_pictures_folder
    raise Exception("Could not get path to Pictures folder. Defaulting to ~/Pictures.")
Exception: Could not get path to Pictures folder. Defaulting to ~/Pictures.
ERROR: 2022-04-28 19:40:10,943: get_xdg_pictures_folder() 'Could not get path to Pictures folder. Defaulting to ~/Pictures.'
Traceback (most recent call last):
  File "/usr/lib/python3.10/site-packages/variety/Util.py", line 794, in get_xdg_pictures_folder
    raise Exception("Could not get path to Pictures folder. Defaulting to ~/Pictures.")
Exception: Could not get path to Pictures folder. Defaulting to ~/Pictures.
ERROR: 2022-04-28 19:40:10,944: get_file_icon_name() 'Exception while obtaining folder icon for /home/angel/Pictures:'
Traceback (most recent call last):
  File "/usr/lib/python3.10/site-packages/variety/Util.py", line 779, in get_file_icon_name
    query_info = f.query_info("standard::icon", Gio.FileQueryInfoFlags.NONE, None)
gi.repository.GLib.GError: g-io-error-quark: Error when getting information for file “/home/angel/Pictures”: No such file or directory (1)
ERROR: 2022-04-28 19:40:10,944: get_file_icon_name() 'Exception while obtaining folder icon for /home/angel/Pictures:'
Traceback (most recent call last):
  File "/usr/lib/python3.10/site-packages/variety/Util.py", line 779, in get_file_icon_name
    query_info = f.query_info("standard::icon", Gio.FileQueryInfoFlags.NONE, None)
gi.repository.GLib.GError: g-io-error-quark: Error when getting information for file “/home/angel/Pictures”: No such file or directory (1)
INFO: 2022-04-28 19:40:11,038: process_command() 'Received command: ['--preferences']'
INFO: 2022-04-28 19:40:13,020: trigger_download() 'Triggering download thread to check if download needed'
INFO: 2022-04-28 19:40:29,350: process_command() 'Received command: ['--preferences']'
INFO: 2022-04-28 19:40:29,354: reload() 'Reloading preferences dialog'
ERROR: 2022-04-28 19:40:29,354: get_xdg_pictures_folder() 'Could not get path to Pictures folder. Defaulting to ~/Pictures.'
Traceback (most recent call last):
  File "/usr/lib/python3.10/site-packages/variety/Util.py", line 794, in get_xdg_pictures_folder
    raise Exception("Could not get path to Pictures folder. Defaulting to ~/Pictures.")
Exception: Could not get path to Pictures folder. Defaulting to ~/Pictures.
ERROR: 2022-04-28 19:40:29,356: get_xdg_pictures_folder() 'Could not get path to Pictures folder. Defaulting to ~/Pictures.'
Traceback (most recent call last):
  File "/usr/lib/python3.10/site-packages/variety/Util.py", line 794, in get_xdg_pictures_folder
    raise Exception("Could not get path to Pictures folder. Defaulting to ~/Pictures.")
Exception: Could not get path to Pictures folder. Defaulting to ~/Pictures.
ERROR: 2022-04-28 19:40:29,357: get_xdg_pictures_folder() 'Could not get path to Pictures folder. Defaulting to ~/Pictures.'
Traceback (most recent call last):
  File "/usr/lib/python3.10/site-packages/variety/Util.py", line 794, in get_xdg_pictures_folder
    raise Exception("Could not get path to Pictures folder. Defaulting to ~/Pictures.")
Exception: Could not get path to Pictures folder. Defaulting to ~/Pictures.
ERROR: 2022-04-28 19:40:29,357: get_file_icon_name() 'Exception while obtaining folder icon for /home/angel/Pictures:'
Traceback (most recent call last):
  File "/usr/lib/python3.10/site-packages/variety/Util.py", line 779, in get_file_icon_name
    query_info = f.query_info("standard::icon", Gio.FileQueryInfoFlags.NONE, None)
gi.repository.GLib.GError: g-io-error-quark: Error when getting information for file “/home/angel/Pictures”: No such file or directory (1)
ERROR: 2022-04-28 19:40:29,358: get_file_icon_name() 'Exception while obtaining folder icon for /home/angel/Pictures:'
Traceback (most recent call last):
  File "/usr/lib/python3.10/site-packages/variety/Util.py", line 779, in get_file_icon_name
    query_info = f.query_info("standard::icon", Gio.FileQueryInfoFlags.NONE, None)
gi.repository.GLib.GError: g-io-error-quark: Error when getting information for file “/home/angel/Pictures”: No such file or directory (1)
INFO: 2022-04-28 19:40:29,394: process_command() 'Received command: ['--preferences']'
INFO: 2022-04-28 19:40:30,910: trigger_download() 'Triggering download thread to check if download needed'
INFO: 2022-04-28 19:40:47,079: process_command() 'Received command: ['--preferences']'
INFO: 2022-04-28 19:40:47,082: reload() 'Reloading preferences dialog'
ERROR: 2022-04-28 19:40:47,083: get_xdg_pictures_folder() 'Could not get path to Pictures folder. Defaulting to ~/Pictures.'
Traceback (most recent call last):
  File "/usr/lib/python3.10/site-packages/variety/Util.py", line 794, in get_xdg_pictures_folder
    raise Exception("Could not get path to Pictures folder. Defaulting to ~/Pictures.")
Exception: Could not get path to Pictures folder. Defaulting to ~/Pictures.
ERROR: 2022-04-28 19:40:47,084: get_xdg_pictures_folder() 'Could not get path to Pictures folder. Defaulting to ~/Pictures.'
Traceback (most recent call last):
  File "/usr/lib/python3.10/site-packages/variety/Util.py", line 794, in get_xdg_pictures_folder
    raise Exception("Could not get path to Pictures folder. Defaulting to ~/Pictures.")
Exception: Could not get path to Pictures folder. Defaulting to ~/Pictures.
ERROR: 2022-04-28 19:40:47,085: get_xdg_pictures_folder() 'Could not get path to Pictures folder. Defaulting to ~/Pictures.'
Traceback (most recent call last):
  File "/usr/lib/python3.10/site-packages/variety/Util.py", line 794, in get_xdg_pictures_folder
    raise Exception("Could not get path to Pictures folder. Defaulting to ~/Pictures.")
Exception: Could not get path to Pictures folder. Defaulting to ~/Pictures.
ERROR: 2022-04-28 19:40:47,085: get_file_icon_name() 'Exception while obtaining folder icon for /home/angel/Pictures:'
Traceback (most recent call last):
  File "/usr/lib/python3.10/site-packages/variety/Util.py", line 779, in get_file_icon_name
    query_info = f.query_info("standard::icon", Gio.FileQueryInfoFlags.NONE, None)
gi.repository.GLib.GError: g-io-error-quark: Error when getting information for file “/home/angel/Pictures”: No such file or directory (1)
ERROR: 2022-04-28 19:40:47,086: get_file_icon_name() 'Exception while obtaining folder icon for /home/angel/Pictures:'
Traceback (most recent call last):
  File "/usr/lib/python3.10/site-packages/variety/Util.py", line 779, in get_file_icon_name
    query_info = f.query_info("standard::icon", Gio.FileQueryInfoFlags.NONE, None)
gi.repository.GLib.GError: g-io-error-quark: Error when getting information for file “/home/angel/Pictures”: No such file or directory (1)
INFO: 2022-04-28 19:40:47,121: process_command() 'Received command: ['--preferences']'
INFO: 2022-04-28 19:40:49,186: list_files() 'More than 1 files in the folders, stop listing'
INFO: 2022-04-28 19:40:49,510: set_wallpaper() 'Calling set_wallpaper with /home/angel/Desktop/Images/Best-wallpapers/wallpaperflare.com_wallpaper (14).jpg'
INFO: 2022-04-28 19:40:49,511: do_set_wp() 'Calling do_set_wp with /home/angel/Desktop/Images/Best-wallpapers/wallpaperflare.com_wallpaper (14).jpg, time: 1651189249.5111883'
INFO: 2022-04-28 19:40:49,518: update_indicator() 'Setting file info to: /home/angel/Desktop/Images/Best-wallpapers/wallpaperflare.com_wallpaper (14).jpg'
INFO: 2022-04-28 19:40:49,519: list_files() 'More than 1 files in the folders, stop listing'
INFO: 2022-04-28 19:40:50,369: set_wallpaper() 'Calling set_wallpaper with /home/angel/Desktop/Images/Best-wallpapers/wallpaperflare.com_wallpaper (4).jpg'
INFO: 2022-04-28 19:40:50,511: do_set_wp() 'Calling do_set_wp with /home/angel/Desktop/Images/Best-wallpapers/wallpaperflare.com_wallpaper (4).jpg, time: 1651189250.5113738'
INFO: 2022-04-28 19:40:50,524: update_indicator() 'Setting file info to: /home/angel/Desktop/Images/Best-wallpapers/wallpaperflare.com_wallpaper (4).jpg'
INFO: 2022-04-28 19:40:50,527: list_files() 'More than 1 files in the folders, stop listing'
INFO: 2022-04-28 19:40:53,621: set_wallpaper() 'Calling set_wallpaper with /home/angel/Desktop/Images/Best-wallpapers/wallpaperflare.com_wallpaper (8).jpg'
INFO: 2022-04-28 19:40:53,621: do_set_wp() 'Calling do_set_wp with /home/angel/Desktop/Images/Best-wallpapers/wallpaperflare.com_wallpaper (8).jpg, time: 1651189253.621842'
INFO: 2022-04-28 19:40:53,629: update_indicator() 'Setting file info to: /home/angel/Desktop/Images/Best-wallpapers/wallpaperflare.com_wallpaper (8).jpg'
INFO: 2022-04-28 19:40:53,630: list_files() 'More than 1 files in the folders, stop listing'
INFO: 2022-04-28 19:41:05,217: process_command() 'Received command: ['--preferences']'
INFO: 2022-04-28 19:41:05,221: process_command() 'Received command: ['--preferences']'
INFO: 2022-04-28 19:41:15,505: process_command() 'Received command: ['--preferences']'
INFO: 2022-04-28 19:41:15,561: process_command() 'Received command: ['--preferences']'
INFO: 2022-04-28 19:41:24,035: process_command() 'Received command: ['--preferences']'
INFO: 2022-04-28 19:41:24,114: process_command() 'Received command: ['--preferences']'
INFO: 2022-04-28 19:41:37,833: process_command() 'Received command: ['--preferences']'
INFO: 2022-04-28 19:41:37,911: process_command() 'Received command: ['--preferences']'
INFO: 2022-04-28 19:41:45,406: process_command() 'Received command: ['--preferences']'
INFO: 2022-04-28 19:41:45,425: process_command() 'Received command: ['--preferences']'
INFO: 2022-04-28 19:41:53,292: process_command() 'Received command: ['--preferences']'
INFO: 2022-04-28 19:41:53,373: process_command() 'Received command: ['--preferences']'
INFO: 2022-04-28 19:41:53,798: regular_change_thread() 'regular_change changes wallpaper'
INFO: 2022-04-28 19:41:53,798: set_wallpaper() 'Calling set_wallpaper with /home/angel/Desktop/Images/Best-wallpapers/unknown.png'
INFO: 2022-04-28 19:41:53,798: prepare_thread() 'Prepared buffer contains 15 images'
INFO: 2022-04-28 19:41:53,799: do_set_wp() 'Calling do_set_wp with /home/angel/Desktop/Images/Best-wallpapers/unknown.png, time: 1651189313.7995493'
INFO: 2022-04-28 19:41:53,806: update_indicator() 'Setting file info to: /home/angel/Desktop/Images/Best-wallpapers/unknown.png'
INFO: 2022-04-28 19:41:53,807: list_files() 'More than 1 files in the folders, stop listing'
INFO: 2022-04-28 19:41:55,799: trigger_download() 'Triggering download thread to check if download needed'
INFO: 2022-04-28 19:42:03,391: set_wallpaper() 'Calling set_wallpaper with /home/angel/Desktop/Images/Best-wallpapers/wallpaperflare.com_wallpaper (18).jpg'
INFO: 2022-04-28 19:42:03,391: do_set_wp() 'Calling do_set_wp with /home/angel/Desktop/Images/Best-wallpapers/wallpaperflare.com_wallpaper (18).jpg, time: 1651189323.391431'
INFO: 2022-04-28 19:42:03,399: update_indicator() 'Setting file info to: /home/angel/Desktop/Images/Best-wallpapers/wallpaperflare.com_wallpaper (18).jpg'
INFO: 2022-04-28 19:42:03,399: list_files() 'More than 1 files in the folders, stop listing'
INFO: 2022-04-28 19:42:04,994: set_wallpaper() 'Calling set_wallpaper with /home/angel/Desktop/Images/Best-wallpapers/wallpaperflare.com_wallpaper (8).jpg'
INFO: 2022-04-28 19:42:04,995: do_set_wp() 'Calling do_set_wp with /home/angel/Desktop/Images/Best-wallpapers/wallpaperflare.com_wallpaper (8).jpg, time: 1651189324.9950912'
INFO: 2022-04-28 19:42:05,001: update_indicator() 'Setting file info to: /home/angel/Desktop/Images/Best-wallpapers/wallpaperflare.com_wallpaper (8).jpg'
INFO: 2022-04-28 19:42:05,002: list_files() 'More than 1 files in the folders, stop listing'
INFO: 2022-04-28 19:42:06,890: set_wallpaper() 'Calling set_wallpaper with /home/angel/Desktop/Images/Best-wallpapers/wallpaperflare.com_wallpaper (3).jpg'
INFO: 2022-04-28 19:42:06,890: do_set_wp() 'Calling do_set_wp with /home/angel/Desktop/Images/Best-wallpapers/wallpaperflare.com_wallpaper (3).jpg, time: 1651189326.8908098'
INFO: 2022-04-28 19:42:06,897: update_indicator() 'Setting file info to: /home/angel/Desktop/Images/Best-wallpapers/wallpaperflare.com_wallpaper (3).jpg'
INFO: 2022-04-28 19:42:06,899: list_files() 'More than 1 files in the folders, stop listing'
INFO: 2022-04-28 19:42:09,117: set_wallpaper() 'Calling set_wallpaper with /home/angel/Desktop/Images/Best-wallpapers/wallpaperflare.com_wallpaper (10).jpg'
INFO: 2022-04-28 19:42:09,117: do_set_wp() 'Calling do_set_wp with /home/angel/Desktop/Images/Best-wallpapers/wallpaperflare.com_wallpaper (10).jpg, time: 1651189329.1179676'
INFO: 2022-04-28 19:42:09,128: update_indicator() 'Setting file info to: /home/angel/Desktop/Images/Best-wallpapers/wallpaperflare.com_wallpaper (10).jpg'
INFO: 2022-04-28 19:42:09,131: list_files() 'More than 1 files in the folders, stop listing'
INFO: 2022-04-28 19:42:38,905: process_command() 'Received command: ['--preferences']'
INFO: 2022-04-28 19:42:38,921: process_command() 'Received command: ['--preferences']'
INFO: 2022-04-28 19:42:59,976: process_command() 'Received command: ['--preferences']'
INFO: 2022-04-28 19:43:00,013: process_command() 'Received command: ['--preferences']'
INFO: 2022-04-28 19:43:09,308: regular_change_thread() 'regular_change changes wallpaper'
INFO: 2022-04-28 19:43:09,309: set_wallpaper() 'Calling set_wallpaper with /home/angel/Desktop/Images/Best-wallpapers/wallpaperflare.com_wallpaper (8).jpg'
INFO: 2022-04-28 19:43:09,309: prepare_thread() 'Prepared buffer contains 14 images'
INFO: 2022-04-28 19:43:09,309: do_set_wp() 'Calling do_set_wp with /home/angel/Desktop/Images/Best-wallpapers/wallpaperflare.com_wallpaper (8).jpg, time: 1651189389.3097334'
INFO: 2022-04-28 19:43:09,317: update_indicator() 'Setting file info to: /home/angel/Desktop/Images/Best-wallpapers/wallpaperflare.com_wallpaper (8).jpg'
INFO: 2022-04-28 19:43:09,317: list_files() 'More than 1 files in the folders, stop listing'
INFO: 2022-04-28 19:43:11,309: trigger_download() 'Triggering download thread to check if download needed'
INFO: 2022-04-28 19:43:18,002: process_command() 'Received command: ['--preferences']'
INFO: 2022-04-28 19:43:18,039: process_command() 'Received command: ['--preferences']'
INFO: 2022-04-28 19:43:25,262: process_command() 'Received command: ['--preferences']'
INFO: 2022-04-28 19:43:25,298: process_command() 'Received command: ['--preferences']'
INFO: 2022-04-28 19:43:31,979: process_command() 'Received command: ['--preferences']'
INFO: 2022-04-28 19:43:31,984: process_command() 'Received command: ['--preferences']'
INFO: 2022-04-28 19:43:40,515: process_command() 'Received command: ['--preferences']'
INFO: 2022-04-28 19:43:40,607: process_command() 'Received command: ['--preferences']'
INFO: 2022-04-28 19:43:46,134: process_command() 'Received command: ['--preferences']'
INFO: 2022-04-28 19:43:46,151: process_command() 'Received command: ['--preferences']'
INFO: 2022-04-28 19:44:09,356: process_command() 'Received command: ['--preferences']'
INFO: 2022-04-28 19:44:09,371: process_command() 'Received command: ['--preferences']'
INFO: 2022-04-28 19:44:09,484: regular_change_thread() 'regular_change changes wallpaper'
INFO: 2022-04-28 19:44:09,484: set_wallpaper() 'Calling set_wallpaper with /home/angel/Desktop/Images/Best-wallpapers/wallpaperflare.com_wallpaper (1).jpg'
INFO: 2022-04-28 19:44:09,484: prepare_thread() 'Prepared buffer contains 13 images'
INFO: 2022-04-28 19:44:09,485: do_set_wp() 'Calling do_set_wp with /home/angel/Desktop/Images/Best-wallpapers/wallpaperflare.com_wallpaper (1).jpg, time: 1651189449.4852424'
INFO: 2022-04-28 19:44:09,492: update_indicator() 'Setting file info to: /home/angel/Desktop/Images/Best-wallpapers/wallpaperflare.com_wallpaper (1).jpg'
INFO: 2022-04-28 19:44:09,492: list_files() 'More than 1 files in the folders, stop listing'
INFO: 2022-04-28 19:44:11,485: trigger_download() 'Triggering download thread to check if download needed'
INFO: 2022-04-28 19:45:09,638: regular_change_thread() 'regular_change changes wallpaper'
INFO: 2022-04-28 19:45:09,639: set_wallpaper() 'Calling set_wallpaper with /home/angel/Desktop/Images/Best-wallpapers/wallpaperflare.com_wallpaper (14).jpg'
INFO: 2022-04-28 19:45:09,639: prepare_thread() 'Prepared buffer contains 12 images'
INFO: 2022-04-28 19:45:09,640: do_set_wp() 'Calling do_set_wp with /home/angel/Desktop/Images/Best-wallpapers/wallpaperflare.com_wallpaper (14).jpg, time: 1651189509.640247'
INFO: 2022-04-28 19:45:09,651: update_indicator() 'Setting file info to: /home/angel/Desktop/Images/Best-wallpapers/wallpaperflare.com_wallpaper (14).jpg'
INFO: 2022-04-28 19:45:09,652: list_files() 'More than 1 files in the folders, stop listing'
INFO: 2022-04-28 19:45:11,639: trigger_download() 'Triggering download thread to check if download needed'
INFO: 2022-04-28 19:45:42,479: process_command() 'Received command: ['--preferences']'
INFO: 2022-04-28 19:45:42,559: process_command() 'Received command: ['--preferences']'
INFO: 2022-04-28 19:46:02,295: process_command() 'Received command: ['--preferences']'
INFO: 2022-04-28 19:46:02,349: process_command() 'Received command: ['--preferences']'
INFO: 2022-04-28 19:46:09,731: regular_change_thread() 'regular_change changes wallpaper'
INFO: 2022-04-28 19:46:09,731: set_wallpaper() 'Calling set_wallpaper with /home/angel/Desktop/Images/Best-wallpapers/wallpaperflare.com_wallpaper.jpg'
INFO: 2022-04-28 19:46:09,731: prepare_thread() 'Prepared buffer contains 11 images'
INFO: 2022-04-28 19:46:09,732: do_set_wp() 'Calling do_set_wp with /home/angel/Desktop/Images/Best-wallpapers/wallpaperflare.com_wallpaper.jpg, time: 1651189569.7322037'
INFO: 2022-04-28 19:46:09,739: update_indicator() 'Setting file info to: /home/angel/Desktop/Images/Best-wallpapers/wallpaperflare.com_wallpaper.jpg'
INFO: 2022-04-28 19:46:09,740: list_files() 'More than 1 files in the folders, stop listing'
INFO: 2022-04-28 19:46:11,732: trigger_download() 'Triggering download thread to check if download needed'
INFO: 2022-04-28 19:46:31,050: process_command() 'Received command: ['--preferences']'
INFO: 2022-04-28 19:46:31,065: process_command() 'Received command: ['--preferences']'
INFO: 2022-04-28 19:47:09,876: regular_change_thread() 'regular_change changes wallpaper'
INFO: 2022-04-28 19:47:09,877: set_wallpaper() 'Calling set_wallpaper with /home/angel/Desktop/Images/Best-wallpapers/wallpaperflare.com_wallpaper (10).jpg'
INFO: 2022-04-28 19:47:09,877: prepare_thread() 'Prepared buffer contains 10 images'
INFO: 2022-04-28 19:47:09,878: do_set_wp() 'Calling do_set_wp with /home/angel/Desktop/Images/Best-wallpapers/wallpaperflare.com_wallpaper (10).jpg, time: 1651189629.878066'
INFO: 2022-04-28 19:47:09,889: update_indicator() 'Setting file info to: /home/angel/Desktop/Images/Best-wallpapers/wallpaperflare.com_wallpaper (10).jpg'
INFO: 2022-04-28 19:47:09,890: list_files() 'More than 1 files in the folders, stop listing'
INFO: 2022-04-28 19:47:11,878: trigger_download() 'Triggering download thread to check if download needed'
INFO: 2022-04-28 19:48:10,108: regular_change_thread() 'regular_change changes wallpaper'
INFO: 2022-04-28 19:48:10,109: set_wallpaper() 'Calling set_wallpaper with /home/angel/Desktop/Images/Best-wallpapers/445.jpg'
INFO: 2022-04-28 19:48:10,109: prepare_thread() 'Prepared buffer contains 9 images'
INFO: 2022-04-28 19:48:10,109: do_set_wp() 'Calling do_set_wp with /home/angel/Desktop/Images/Best-wallpapers/445.jpg, time: 1651189690.1098802'
INFO: 2022-04-28 19:48:10,122: update_indicator() 'Setting file info to: /home/angel/Desktop/Images/Best-wallpapers/445.jpg'
INFO: 2022-04-28 19:48:10,123: list_files() 'More than 1 files in the folders, stop listing'
INFO: 2022-04-28 19:48:12,110: trigger_download() 'Triggering download thread to check if download needed'
INFO: 2022-04-28 19:49:10,259: regular_change_thread() 'regular_change changes wallpaper'
INFO: 2022-04-28 19:49:10,259: set_wallpaper() 'Calling set_wallpaper with /home/angel/Desktop/Images/Best-wallpapers/wallpaperflare.com_wallpaper (5).jpg'
INFO: 2022-04-28 19:49:10,259: prepare_thread() 'Prepared buffer contains 8 images'
INFO: 2022-04-28 19:49:10,260: prepare_thread() 'Preparing some images'
INFO: 2022-04-28 19:49:10,260: do_set_wp() 'Calling do_set_wp with /home/angel/Desktop/Images/Best-wallpapers/wallpaperflare.com_wallpaper (5).jpg, time: 1651189750.2606833'
INFO: 2022-04-28 19:49:10,266: prepare_thread() 'After search prepared buffer contains 17 images'
INFO: 2022-04-28 19:49:10,274: update_indicator() 'Setting file info to: /home/angel/Desktop/Images/Best-wallpapers/wallpaperflare.com_wallpaper (5).jpg'
INFO: 2022-04-28 19:49:10,275: list_files() 'More than 1 files in the folders, stop listing'
INFO: 2022-04-28 19:49:12,267: trigger_download() 'Triggering download thread to check if download needed'
INFO: 2022-04-28 19:50:10,490: regular_change_thread() 'regular_change changes wallpaper'
INFO: 2022-04-28 19:50:10,490: set_wallpaper() 'Calling set_wallpaper with /home/angel/Desktop/Images/Best-wallpapers/wallpaperflare.com_wallpaper (15).jpg'
INFO: 2022-04-28 19:50:10,490: prepare_thread() 'Prepared buffer contains 16 images'
INFO: 2022-04-28 19:50:10,491: do_set_wp() 'Calling do_set_wp with /home/angel/Desktop/Images/Best-wallpapers/wallpaperflare.com_wallpaper (15).jpg, time: 1651189810.4913828'
INFO: 2022-04-28 19:50:10,502: update_indicator() 'Setting file info to: /home/angel/Desktop/Images/Best-wallpapers/wallpaperflare.com_wallpaper (15).jpg'
INFO: 2022-04-28 19:50:10,503: list_files() 'More than 1 files in the folders, stop listing'
INFO: 2022-04-28 19:50:12,492: trigger_download() 'Triggering download thread to check if download needed'
INFO: 2022-04-28 19:50:59,153: update_indicator() 'Setting file info to: /home/angel/Desktop/Images/Best-wallpapers/wallpaperflare.com_wallpaper (15).jpg'
INFO: 2022-04-28 19:50:59,154: list_files() 'More than 1 files in the folders, stop listing'
INFO: 2022-04-28 19:51:00,402: trigger_download() 'Triggering download thread to check if download needed'
INFO: 2022-04-28 19:51:10,634: regular_change_thread() 'regular_change changes wallpaper'
INFO: 2022-04-28 19:51:10,634: set_wallpaper() 'Calling set_wallpaper with /home/angel/Desktop/Images/Best-wallpapers/wallpaperflare.com_wallpaper (5).jpg'
INFO: 2022-04-28 19:51:10,634: prepare_thread() 'Prepared buffer contains 15 images'
INFO: 2022-04-28 19:51:10,635: do_set_wp() 'Calling do_set_wp with /home/angel/Desktop/Images/Best-wallpapers/wallpaperflare.com_wallpaper (5).jpg, time: 1651189870.635141'
INFO: 2022-04-28 19:51:10,646: update_indicator() 'Setting file info to: /home/angel/Desktop/Images/Best-wallpapers/wallpaperflare.com_wallpaper (5).jpg'
INFO: 2022-04-28 19:51:10,647: list_files() 'More than 1 files in the folders, stop listing'
INFO: 2022-04-28 19:51:12,635: trigger_download() 'Triggering download thread to check if download needed'
INFO: 2022-04-28 19:52:10,849: regular_change_thread() 'regular_change changes wallpaper'
INFO: 2022-04-28 19:52:10,849: set_wallpaper() 'Calling set_wallpaper with /home/angel/Desktop/Images/Best-wallpapers/sdfffaf.jpg'
INFO: 2022-04-28 19:52:10,849: prepare_thread() 'Prepared buffer contains 14 images'
INFO: 2022-04-28 19:52:10,850: do_set_wp() 'Calling do_set_wp with /home/angel/Desktop/Images/Best-wallpapers/sdfffaf.jpg, time: 1651189930.850469'
INFO: 2022-04-28 19:52:10,862: update_indicator() 'Setting file info to: /home/angel/Desktop/Images/Best-wallpapers/sdfffaf.jpg'
INFO: 2022-04-28 19:52:10,863: list_files() 'More than 1 files in the folders, stop listing'
INFO: 2022-04-28 19:52:12,850: trigger_download() 'Triggering download thread to check if download needed'
INFO: 2022-04-28 19:53:11,028: regular_change_thread() 'regular_change changes wallpaper'
INFO: 2022-04-28 19:53:11,028: set_wallpaper() 'Calling set_wallpaper with /home/angel/Desktop/Images/Best-wallpapers/wallpaperflare.com_wallpaper (3).jpg'
INFO: 2022-04-28 19:53:11,029: prepare_thread() 'Prepared buffer contains 13 images'
INFO: 2022-04-28 19:53:11,029: do_set_wp() 'Calling do_set_wp with /home/angel/Desktop/Images/Best-wallpapers/wallpaperflare.com_wallpaper (3).jpg, time: 1651189991.0296457'
INFO: 2022-04-28 19:53:11,042: update_indicator() 'Setting file info to: /home/angel/Desktop/Images/Best-wallpapers/wallpaperflare.com_wallpaper (3).jpg'
INFO: 2022-04-28 19:53:11,043: list_files() 'More than 1 files in the folders, stop listing'
INFO: 2022-04-28 19:53:13,029: trigger_download() 'Triggering download thread to check if download needed'
INFO: 2022-04-28 19:54:11,238: regular_change_thread() 'regular_change changes wallpaper'
INFO: 2022-04-28 19:54:11,238: set_wallpaper() 'Calling set_wallpaper with /home/angel/Desktop/Images/Best-wallpapers/wallpaperflare.com_wallpaper (1) (copy).jpg'
INFO: 2022-04-28 19:54:11,238: prepare_thread() 'Prepared buffer contains 12 images'
INFO: 2022-04-28 19:54:11,239: do_set_wp() 'Calling do_set_wp with /home/angel/Desktop/Images/Best-wallpapers/wallpaperflare.com_wallpaper (1) (copy).jpg, time: 1651190051.239456'
INFO: 2022-04-28 19:54:11,250: update_indicator() 'Setting file info to: /home/angel/Desktop/Images/Best-wallpapers/wallpaperflare.com_wallpaper (1) (copy).jpg'
INFO: 2022-04-28 19:54:11,251: list_files() 'More than 1 files in the folders, stop listing'
INFO: 2022-04-28 19:54:13,239: trigger_download() 'Triggering download thread to check if download needed'
INFO: 2022-04-28 19:54:40,617: process_command() 'Received command: ['--preferences']'
INFO: 2022-04-28 19:54:40,620: reload() 'Reloading preferences dialog'
ERROR: 2022-04-28 19:54:40,620: get_xdg_pictures_folder() 'Could not get path to Pictures folder. Defaulting to ~/Pictures.'
Traceback (most recent call last):
  File "/usr/lib/python3.10/site-packages/variety/Util.py", line 794, in get_xdg_pictures_folder
    raise Exception("Could not get path to Pictures folder. Defaulting to ~/Pictures.")
Exception: Could not get path to Pictures folder. Defaulting to ~/Pictures.
ERROR: 2022-04-28 19:54:40,621: get_xdg_pictures_folder() 'Could not get path to Pictures folder. Defaulting to ~/Pictures.'
Traceback (most recent call last):
  File "/usr/lib/python3.10/site-packages/variety/Util.py", line 794, in get_xdg_pictures_folder
    raise Exception("Could not get path to Pictures folder. Defaulting to ~/Pictures.")
Exception: Could not get path to Pictures folder. Defaulting to ~/Pictures.
ERROR: 2022-04-28 19:54:40,622: get_xdg_pictures_folder() 'Could not get path to Pictures folder. Defaulting to ~/Pictures.'
Traceback (most recent call last):
  File "/usr/lib/python3.10/site-packages/variety/Util.py", line 794, in get_xdg_pictures_folder
    raise Exception("Could not get path to Pictures folder. Defaulting to ~/Pictures.")
Exception: Could not get path to Pictures folder. Defaulting to ~/Pictures.
ERROR: 2022-04-28 19:54:40,623: get_file_icon_name() 'Exception while obtaining folder icon for /home/angel/Pictures:'
Traceback (most recent call last):
  File "/usr/lib/python3.10/site-packages/variety/Util.py", line 779, in get_file_icon_name
    query_info = f.query_info("standard::icon", Gio.FileQueryInfoFlags.NONE, None)
gi.repository.GLib.GError: g-io-error-quark: Error when getting information for file “/home/angel/Pictures”: No such file or directory (1)
ERROR: 2022-04-28 19:54:40,623: get_file_icon_name() 'Exception while obtaining folder icon for /home/angel/Pictures:'
Traceback (most recent call last):
  File "/usr/lib/python3.10/site-packages/variety/Util.py", line 779, in get_file_icon_name
    query_info = f.query_info("standard::icon", Gio.FileQueryInfoFlags.NONE, None)
gi.repository.GLib.GError: g-io-error-quark: Error when getting information for file “/home/angel/Pictures”: No such file or directory (1)
INFO: 2022-04-28 19:54:40,662: process_command() 'Received command: ['--preferences']'
INFO: 2022-04-28 19:54:43,287: trigger_download() 'Triggering download thread to check if download needed'
INFO: 2022-04-28 19:55:11,410: regular_change_thread() 'regular_change changes wallpaper'
INFO: 2022-04-28 19:55:11,410: set_wallpaper() 'Calling set_wallpaper with /home/angel/Desktop/Images/Best-wallpapers/445.jpg'
INFO: 2022-04-28 19:55:11,410: prepare_thread() 'Prepared buffer contains 11 images'
INFO: 2022-04-28 19:55:11,411: do_set_wp() 'Calling do_set_wp with /home/angel/Desktop/Images/Best-wallpapers/445.jpg, time: 1651190111.4113677'
INFO: 2022-04-28 19:55:11,423: update_indicator() 'Setting file info to: /home/angel/Desktop/Images/Best-wallpapers/445.jpg'
INFO: 2022-04-28 19:55:11,424: list_files() 'More than 1 files in the folders, stop listing'
INFO: 2022-04-28 19:55:13,411: trigger_download() 'Triggering download thread to check if download needed'
INFO: 2022-04-28 19:56:11,556: regular_change_thread() 'regular_change changes wallpaper'
INFO: 2022-04-28 19:56:11,557: set_wallpaper() 'Calling set_wallpaper with /home/angel/Desktop/Images/Best-wallpapers/wallpaperflare.com_wallpaper (14).jpg'
INFO: 2022-04-28 19:56:11,557: prepare_thread() 'Prepared buffer contains 10 images'
INFO: 2022-04-28 19:56:11,557: do_set_wp() 'Calling do_set_wp with /home/angel/Desktop/Images/Best-wallpapers/wallpaperflare.com_wallpaper (14).jpg, time: 1651190171.5577607'
INFO: 2022-04-28 19:56:11,570: update_indicator() 'Setting file info to: /home/angel/Desktop/Images/Best-wallpapers/wallpaperflare.com_wallpaper (14).jpg'
INFO: 2022-04-28 19:56:11,571: list_files() 'More than 1 files in the folders, stop listing'
INFO: 2022-04-28 19:56:13,557: trigger_download() 'Triggering download thread to check if download needed'
INFO: 2022-04-28 19:57:11,647: regular_change_thread() 'regular_change changes wallpaper'
INFO: 2022-04-28 19:57:11,647: set_wallpaper() 'Calling set_wallpaper with /home/angel/Desktop/Images/Best-wallpapers/wallpaperflare.com_wallpaper (1).jpg'
INFO: 2022-04-28 19:57:11,648: prepare_thread() 'Prepared buffer contains 9 images'
INFO: 2022-04-28 19:57:11,648: do_set_wp() 'Calling do_set_wp with /home/angel/Desktop/Images/Best-wallpapers/wallpaperflare.com_wallpaper (1).jpg, time: 1651190231.6484072'
INFO: 2022-04-28 19:57:11,658: update_indicator() 'Setting file info to: /home/angel/Desktop/Images/Best-wallpapers/wallpaperflare.com_wallpaper (1).jpg'
INFO: 2022-04-28 19:57:11,658: list_files() 'More than 1 files in the folders, stop listing'
INFO: 2022-04-28 19:57:13,648: trigger_download() 'Triggering download thread to check if download needed'
INFO: 2022-04-28 19:58:11,815: regular_change_thread() 'regular_change changes wallpaper'
INFO: 2022-04-28 19:58:11,815: set_wallpaper() 'Calling set_wallpaper with /home/angel/Desktop/Images/Best-wallpapers/wallpaperflare.com_wallpaper (18).jpg'
INFO: 2022-04-28 19:58:11,816: do_set_wp() 'Calling do_set_wp with /home/angel/Desktop/Images/Best-wallpapers/wallpaperflare.com_wallpaper (18).jpg, time: 1651190291.8160915'
INFO: 2022-04-28 19:58:11,816: prepare_thread() 'Prepared buffer contains 8 images'
INFO: 2022-04-28 19:58:11,816: prepare_thread() 'Preparing some images'
INFO: 2022-04-28 19:58:11,819: prepare_thread() 'After search prepared buffer contains 17 images'
INFO: 2022-04-28 19:58:11,828: update_indicator() 'Setting file info to: /home/angel/Desktop/Images/Best-wallpapers/wallpaperflare.com_wallpaper (18).jpg'
INFO: 2022-04-28 19:58:11,829: list_files() 'More than 1 files in the folders, stop listing'
INFO: 2022-04-28 19:58:13,819: trigger_download() 'Triggering download thread to check if download needed'
INFO: 2022-04-28 19:59:11,990: regular_change_thread() 'regular_change changes wallpaper'
INFO: 2022-04-28 19:59:11,990: set_wallpaper() 'Calling set_wallpaper with /home/angel/Desktop/Images/Best-wallpapers/wallpaperflare.com_wallpaper (10).jpg'
INFO: 2022-04-28 19:59:11,990: prepare_thread() 'Prepared buffer contains 16 images'
INFO: 2022-04-28 19:59:11,990: do_set_wp() 'Calling do_set_wp with /home/angel/Desktop/Images/Best-wallpapers/wallpaperflare.com_wallpaper (10).jpg, time: 1651190351.9905367'
INFO: 2022-04-28 19:59:11,996: update_indicator() 'Setting file info to: /home/angel/Desktop/Images/Best-wallpapers/wallpaperflare.com_wallpaper (10).jpg'
INFO: 2022-04-28 19:59:11,996: list_files() 'More than 1 files in the folders, stop listing'
INFO: 2022-04-28 19:59:13,990: trigger_download() 'Triggering download thread to check if download needed'
