2022-04-19 15:30:01 Loading main app package /tmp/.mount_Obsidi6nFsqc/resources/obsidian.asar
2022-04-19 15:30:02 Checking for update using Github
2022-04-19 15:30:02 Success.
2022-04-19 15:30:02 Latest version is 0.14.6
2022-04-19 15:30:02 App is up to date.
2022-04-19 15:33:02 Loading main app package /tmp/.mount_ObsidixjocSk/resources/obsidian.asar
2022-04-19 15:33:02 Checking for update using Github
2022-04-19 15:33:02 Success.
2022-04-19 15:33:02 Latest version is 0.14.6
2022-04-19 15:33:02 App is up to date.
2022-04-19 16:03:51 Loading main app package /tmp/.mount_ObsidiF5jAQe/resources/obsidian.asar
2022-04-19 16:03:52 Checking for update using Github
2022-04-19 16:03:52 Success.
2022-04-19 16:03:52 Latest version is 0.14.6
2022-04-19 16:03:52 App is up to date.
2022-04-19 17:03:51 Checking for update using Github
2022-04-19 17:03:51 Success.
2022-04-19 17:03:51 Latest version is 0.14.6
2022-04-19 17:03:51 App is up to date.
2022-04-19 18:03:51 Checking for update using Github
2022-04-19 18:03:52 Success.
2022-04-19 18:03:52 Latest version is 0.14.6
2022-04-19 18:03:52 App is up to date.
2022-04-19 19:03:51 Checking for update using Github
2022-04-19 19:03:52 Success.
2022-04-19 19:03:52 Latest version is 0.14.6
2022-04-19 19:03:52 App is up to date.
2022-04-19 20:03:52 Checking for update using Github
2022-04-19 20:03:52 Success.
2022-04-19 20:03:52 Latest version is 0.14.6
2022-04-19 20:03:52 App is up to date.
2022-04-19 21:03:52 Checking for update using Github
2022-04-19 21:03:52 Success.
2022-04-19 21:03:52 Latest version is 0.14.6
2022-04-19 21:03:52 App is up to date.
2022-04-19 22:03:52 Checking for update using Github
2022-04-19 22:03:52 Success.
2022-04-19 22:03:52 Latest version is 0.14.6
2022-04-19 22:03:52 App is up to date.
2022-04-20 16:16:54 Loading main app package /tmp/.mount_Obsidi043V7E/resources/obsidian.asar
2022-04-20 16:16:55 Checking for update using Github
2022-04-20 16:16:55 Success.
2022-04-20 16:16:55 Latest version is 0.14.6
2022-04-20 16:16:55 App is up to date.
2022-04-20 16:56:44 Loading main app package /tmp/.mount_ObsidiRf2KgN/resources/obsidian.asar
2022-04-20 16:56:44 Checking for update using Github
2022-04-20 16:56:45 Success.
2022-04-20 16:56:45 Latest version is 0.14.6
2022-04-20 16:56:45 App is up to date.
2022-04-20 17:56:44 Checking for update using Github
2022-04-20 17:56:44 Success.
2022-04-20 17:56:44 Latest version is 0.14.6
2022-04-20 17:56:44 App is up to date.
2022-04-20 18:56:44 Checking for update using Github
2022-04-20 18:56:44 Success.
2022-04-20 18:56:44 Latest version is 0.14.6
2022-04-20 18:56:44 App is up to date.
2022-04-20 19:56:44 Checking for update using Github
2022-04-20 19:56:44 Success.
2022-04-20 19:56:44 Latest version is 0.14.6
2022-04-20 19:56:44 App is up to date.
2022-04-20 20:56:44 Checking for update using Github
2022-04-20 20:56:44 Success.
2022-04-20 20:56:44 Latest version is 0.14.6
2022-04-20 20:56:44 App is up to date.
2022-04-20 21:56:44 Checking for update using Github
2022-04-20 21:56:44 Success.
2022-04-20 21:56:44 Latest version is 0.14.6
2022-04-20 21:56:44 App is up to date.
2022-04-20 22:56:44 Checking for update using Github
2022-04-20 22:56:45 Success.
2022-04-20 22:56:45 Latest version is 0.14.6
2022-04-20 22:56:45 App is up to date.
2022-04-20 23:56:44 Checking for update using Github
2022-04-20 23:56:44 Success.
2022-04-20 23:56:44 Latest version is 0.14.6
2022-04-20 23:56:44 App is up to date.
2022-04-21 11:34:17 Loading main app package /tmp/.mount_ObsidiLUObv8/resources/obsidian.asar
2022-04-21 11:34:18 Checking for update using Github
2022-04-21 11:34:18 Success.
2022-04-21 11:34:18 Latest version is 0.14.6
2022-04-21 11:34:18 App is up to date.
2022-04-21 12:34:17 Checking for update using Github
2022-04-21 12:34:18 Success.
2022-04-21 12:34:18 Latest version is 0.14.6
2022-04-21 12:34:18 App is up to date.
2022-04-21 13:34:17 Checking for update using Github
2022-04-21 13:34:18 Success.
2022-04-21 13:34:18 Latest version is 0.14.6
2022-04-21 13:34:18 App is up to date.
2022-04-21 14:34:17 Checking for update using Github
2022-04-21 14:34:18 Success.
2022-04-21 14:34:18 Latest version is 0.14.6
2022-04-21 14:34:18 App is up to date.
2022-04-21 15:34:18 Checking for update using Github
2022-04-21 15:34:18 Success.
2022-04-21 15:34:18 Latest version is 0.14.6
2022-04-21 15:34:18 App is up to date.
2022-04-21 16:34:18 Checking for update using Github
2022-04-21 16:34:18 Success.
2022-04-21 16:34:18 Latest version is 0.14.6
2022-04-21 16:34:18 App is up to date.
2022-04-21 17:34:18 Checking for update using Github
2022-04-21 17:34:18 Success.
2022-04-21 17:34:18 Latest version is 0.14.6
2022-04-21 17:34:18 App is up to date.
2022-04-21 18:34:18 Checking for update using Github
2022-04-21 18:34:18 Success.
2022-04-21 18:34:18 Latest version is 0.14.6
2022-04-21 18:34:18 App is up to date.
2022-04-21 19:34:18 Checking for update using Github
2022-04-21 19:34:18 Success.
2022-04-21 19:34:18 Latest version is 0.14.6
2022-04-21 19:34:18 App is up to date.
2022-04-21 20:34:18 Checking for update using Github
2022-04-21 20:34:18 Success.
2022-04-21 20:34:18 Latest version is 0.14.6
2022-04-21 20:34:18 App is up to date.
2022-04-21 21:34:18 Checking for update using Github
2022-04-21 21:34:18 Success.
2022-04-21 21:34:18 Latest version is 0.14.6
2022-04-21 21:34:18 App is up to date.
2022-04-21 22:34:18 Checking for update using Github
2022-04-21 22:34:18 Success.
2022-04-21 22:34:18 Latest version is 0.14.6
2022-04-21 22:34:18 App is up to date.
2022-04-21 23:34:18 Checking for update using Github
2022-04-21 23:34:19 Success.
2022-04-21 23:34:19 Latest version is 0.14.6
2022-04-21 23:34:19 App is up to date.
2022-04-22 00:34:18 Checking for update using Github
2022-04-22 00:34:19 Success.
2022-04-22 00:34:19 Latest version is 0.14.6
2022-04-22 00:34:19 App is up to date.
2022-04-22 14:42:22 Loading main app package /tmp/.mount_ObsididYUX9G/resources/obsidian.asar
2022-04-22 14:42:23 Checking for update using Github
2022-04-22 14:42:23 Success.
2022-04-22 14:42:23 Latest version is 0.14.6
2022-04-22 14:42:23 App is up to date.
2022-04-22 15:42:23 Checking for update using Github
2022-04-22 15:42:23 Success.
2022-04-22 15:42:23 Latest version is 0.14.6
2022-04-22 15:42:23 App is up to date.
2022-04-22 16:42:23 Checking for update using Github
2022-04-22 16:42:23 Success.
2022-04-22 16:42:23 Latest version is 0.14.6
2022-04-22 16:42:23 App is up to date.
2022-04-22 17:42:23 Checking for update using Github
2022-04-22 17:42:23 Success.
2022-04-22 17:42:23 Latest version is 0.14.6
2022-04-22 17:42:23 App is up to date.
2022-04-22 18:42:23 Checking for update using Github
2022-04-22 18:42:23 Success.
2022-04-22 18:42:23 Latest version is 0.14.6
2022-04-22 18:42:23 App is up to date.
2022-04-22 19:42:23 Checking for update using Github
2022-04-22 19:42:23 Success.
2022-04-22 19:42:23 Latest version is 0.14.6
2022-04-22 19:42:23 App is up to date.
2022-04-22 20:42:23 Checking for update using Github
2022-04-22 20:42:23 Success.
2022-04-22 20:42:23 Latest version is 0.14.6
2022-04-22 20:42:23 App is up to date.
2022-04-22 21:42:23 Checking for update using Github
2022-04-22 21:42:23 Success.
2022-04-22 21:42:23 Latest version is 0.14.6
2022-04-22 21:42:23 App is up to date.
2022-04-25 13:11:12 Loading main app package /tmp/.mount_Obsidi8lrJa7/resources/obsidian.asar
2022-04-25 13:11:12 Checking for update using Github
2022-04-25 13:11:13 Success.
2022-04-25 13:11:13 Latest version is 0.14.6
2022-04-25 13:11:13 App is up to date.
2022-04-25 14:11:12 Checking for update using Github
2022-04-25 14:11:12 Success.
2022-04-25 14:11:12 Latest version is 0.14.6
2022-04-25 14:11:12 App is up to date.
2022-04-25 15:11:12 Checking for update using Github
2022-04-25 15:11:12 Success.
2022-04-25 15:11:12 Latest version is 0.14.6
2022-04-25 15:11:12 App is up to date.
2022-04-25 16:11:12 Checking for update using Github
2022-04-25 16:11:12 Success.
2022-04-25 16:11:12 Latest version is 0.14.6
2022-04-25 16:11:12 App is up to date.
2022-04-25 17:11:12 Checking for update using Github
2022-04-25 17:11:12 Success.
2022-04-25 17:11:12 Latest version is 0.14.6
2022-04-25 17:11:12 App is up to date.
2022-04-25 18:11:12 Checking for update using Github
2022-04-25 18:11:13 Success.
2022-04-25 18:11:13 Latest version is 0.14.6
2022-04-25 18:11:13 App is up to date.
2022-04-25 19:11:12 Checking for update using Github
2022-04-25 19:11:13 Success.
2022-04-25 19:11:13 Latest version is 0.14.6
2022-04-25 19:11:13 App is up to date.
2022-04-25 20:11:12 Checking for update using Github
2022-04-25 20:11:13 Success.
2022-04-25 20:11:13 Latest version is 0.14.6
2022-04-25 20:11:13 App is up to date.
2022-04-25 21:11:13 Checking for update using Github
2022-04-25 21:11:13 Success.
2022-04-25 21:11:13 Latest version is 0.14.6
2022-04-25 21:11:13 App is up to date.
2022-04-25 22:11:13 Checking for update using Github
2022-04-25 22:11:13 Success.
2022-04-25 22:11:13 Latest version is 0.14.6
2022-04-25 22:11:13 App is up to date.
2022-04-25 23:11:13 Checking for update using Github
2022-04-25 23:11:13 Success.
2022-04-25 23:11:13 Latest version is 0.14.6
2022-04-25 23:11:13 App is up to date.
2022-04-26 00:11:13 Checking for update using Github
2022-04-26 00:11:13 Success.
2022-04-26 00:11:13 Latest version is 0.14.6
2022-04-26 00:11:13 App is up to date.
2022-04-26 11:51:54 Loading main app package /tmp/.mount_ObsidiaFP1Jc/resources/obsidian.asar
2022-04-26 11:51:55 Checking for update using Github
2022-04-26 11:51:55 Success.
2022-04-26 11:51:55 Latest version is 0.14.6
2022-04-26 11:51:55 App is up to date.
2022-04-26 12:51:54 Checking for update using Github
2022-04-26 12:51:55 Success.
2022-04-26 12:51:55 Latest version is 0.14.6
2022-04-26 12:51:55 App is up to date.
2022-04-26 15:53:37 Loading main app package /tmp/.mount_Obsidi0DPiEZ/resources/obsidian.asar
2022-04-26 15:53:37 Checking for update using Github
2022-04-26 15:53:38 Success.
2022-04-26 15:53:38 Latest version is 0.14.6
2022-04-26 15:53:38 App is up to date.
