> conda info --json
> /bin/python ~/.vscode-oss/extensions/ms-python.python-2022.2.1924087327/pythonFiles/get_output_via_markers.py ~/.vscode-oss/extensions/ms-python.python-2022.2.1924087327/pythonFiles/interpreterInfo.py
Python interpreter path: /bin/python
> /sbin/python ~/.vscode-oss/extensions/ms-python.python-2022.2.1924087327/pythonFiles/get_output_via_markers.py ~/.vscode-oss/extensions/ms-python.python-2022.2.1924087327/pythonFiles/interpreterInfo.py
> /usr/bin/python ~/.vscode-oss/extensions/ms-python.python-2022.2.1924087327/pythonFiles/get_output_via_markers.py ~/.vscode-oss/extensions/ms-python.python-2022.2.1924087327/pythonFiles/interpreterInfo.py
> /usr/sbin/python ~/.vscode-oss/extensions/ms-python.python-2022.2.1924087327/pythonFiles/get_output_via_markers.py ~/.vscode-oss/extensions/ms-python.python-2022.2.1924087327/pythonFiles/interpreterInfo.py
[ERROR 2022-2-23 14:15:35.272]: [
  'Failed to activate a workspace, Class name = f, completed in 192ms, has a falsy return value, Arg 1: <Uri:/home/angel/Desktop/Teaching Cesar (re gay es el tiop QUE PUCHA)/HelloHeal.py>, Return Value: undefined',
  [Error: Extension 'ms-python.python' CANNOT use API proposal: testObserver.
  Its package.json#enabledApiProposals-property declares:  but NOT testObserver.
   The missing proposal MUST be added and you must start in extension development mode or use the following command line switch: --enable-proposed-api ms-python.python
  	at b (/usr/lib/code/out/vs/workbench/api/node/extensionHostProcess.js:83:64781)
  	at Object.get testResults [as testResults] (/usr/lib/code/out/vs/workbench/api/node/extensionHostProcess.js:99:33817)
  	at w.activate (/home/angel/.vscode-oss/extensions/ms-python.python-2022.2.1924087327/out/client/extension.js:85:74911)
  	at /home/angel/.vscode-oss/extensions/ms-python.python-2022.2.1924087327/out/client/extension.js:67:87919
  	at Array.map (<anonymous>)
  	at f.activateWorkspace (/home/angel/.vscode-oss/extensions/ms-python.python-2022.2.1924087327/out/client/extension.js:67:87910)
  	at processTicksAndRejections (internal/process/task_queues.js:93:5)]
]
[ERROR 2022-2-23 14:15:35.273]: Failure during activation. [Error: Extension 'ms-python.python' CANNOT use API proposal: testObserver.
Its package.json#enabledApiProposals-property declares:  but NOT testObserver.
 The missing proposal MUST be added and you must start in extension development mode or use the following command line switch: --enable-proposed-api ms-python.python
	at b (/usr/lib/code/out/vs/workbench/api/node/extensionHostProcess.js:83:64781)
	at Object.get testResults [as testResults] (/usr/lib/code/out/vs/workbench/api/node/extensionHostProcess.js:99:33817)
	at w.activate (/home/angel/.vscode-oss/extensions/ms-python.python-2022.2.1924087327/out/client/extension.js:85:74911)
	at /home/angel/.vscode-oss/extensions/ms-python.python-2022.2.1924087327/out/client/extension.js:67:87919
	at Array.map (<anonymous>)
	at f.activateWorkspace (/home/angel/.vscode-oss/extensions/ms-python.python-2022.2.1924087327/out/client/extension.js:67:87910)
	at processTicksAndRejections (internal/process/task_queues.js:93:5)]
[ERROR 2022-2-23 14:15:35.273]: sendStartupTelemetry() failed. [Error: Extension 'ms-python.python' CANNOT use API proposal: testObserver.
Its package.json#enabledApiProposals-property declares:  but NOT testObserver.
 The missing proposal MUST be added and you must start in extension development mode or use the following command line switch: --enable-proposed-api ms-python.python
	at b (/usr/lib/code/out/vs/workbench/api/node/extensionHostProcess.js:83:64781)
	at Object.get testResults [as testResults] (/usr/lib/code/out/vs/workbench/api/node/extensionHostProcess.js:99:33817)
	at w.activate (/home/angel/.vscode-oss/extensions/ms-python.python-2022.2.1924087327/out/client/extension.js:85:74911)
	at /home/angel/.vscode-oss/extensions/ms-python.python-2022.2.1924087327/out/client/extension.js:67:87919
	at Array.map (<anonymous>)
	at f.activateWorkspace (/home/angel/.vscode-oss/extensions/ms-python.python-2022.2.1924087327/out/client/extension.js:67:87910)
	at processTicksAndRejections (internal/process/task_queues.js:93:5)]
Starting Jedi language server.
