Code - OSS (1.65.2, undefined, desktop)
Jupyter Extension Version: 2022.3.1000752054.
Python Extension Version: 2022.2.1924087327.
Info 14:15:34: ZMQ install verified.
Error 14:15:35: extension activation failed [Error: Extension 'ms-toolsai.jupyter' CANNOT use API proposal: notebookEditor.
Its package.json#enabledApiProposals-property declares:  but NOT notebookEditor.
 The missing proposal MUST be added and you must start in extension development mode or use the following command line switch: --enable-proposed-api ms-toolsai.jupyter
	at b (/usr/lib/code/out/vs/workbench/api/node/extensionHostProcess.js:83:64781)
	at Object.onDidChangeCellMetadata (/usr/lib/code/out/vs/workbench/api/node/extensionHostProcess.js:99:51827)
	at u.addEventHandlers (/home/angel/.vscode-oss/extensions/ms-toolsai.jupyter-2022.3.1000752054/out/client/extension.js:2:49093)
	at new u (/home/angel/.vscode-oss/extensions/ms-toolsai.jupyter-2022.3.1000752054/out/client/extension.js:2:47758)
	at Object.t.resolveInstance (/home/angel/.vscode-oss/extensions/ms-toolsai.jupyter-2022.3.1000752054/out/client/extension.js:2:2746346)
	at /home/angel/.vscode-oss/extensions/ms-toolsai.jupyter-2022.3.1000752054/out/client/extension.js:2:2748242
	at Array.map (<anonymous>)
	at Object.t.resolveInstance (/home/angel/.vscode-oss/extensions/ms-toolsai.jupyter-2022.3.1000752054/out/client/extension.js:2:2746120)
	at /home/angel/.vscode-oss/extensions/ms-toolsai.jupyter-2022.3.1000752054/out/client/extension.js:2:2748242
	at /home/angel/.vscode-oss/extensions/ms-toolsai.jupyter-2022.3.1000752054/out/client/extension.js:2:2747190
	at Array.map (<anonymous>)
	at /home/angel/.vscode-oss/extensions/ms-toolsai.jupyter-2022.3.1000752054/out/client/extension.js:2:2747162
	at Array.map (<anonymous>)
	at Object.t.resolveInstance (/home/angel/.vscode-oss/extensions/ms-toolsai.jupyter-2022.3.1000752054/out/client/extension.js:2:2746120)
	at /home/angel/.vscode-oss/extensions/ms-toolsai.jupyter-2022.3.1000752054/out/client/extension.js:2:2748242
	at Object.t.resolve (/home/angel/.vscode-oss/extensions/ms-toolsai.jupyter-2022.3.1000752054/out/client/extension.js:2:2748505)
	at /home/angel/.vscode-oss/extensions/ms-toolsai.jupyter-2022.3.1000752054/out/client/extension.js:2:2734575
	at e._get (/home/angel/.vscode-oss/extensions/ms-toolsai.jupyter-2022.3.1000752054/out/client/extension.js:2:2734341)
	at e.get (/home/angel/.vscode-oss/extensions/ms-toolsai.jupyter-2022.3.1000752054/out/client/extension.js:2:2733053)
	at a.get (/home/angel/.vscode-oss/extensions/ms-toolsai.jupyter-2022.3.1000752054/out/client/extension.js:2:1077063)
	at /home/angel/.vscode-oss/extensions/ms-toolsai.jupyter-2022.3.1000752054/out/client/extension.js:2:1073203
	at processTicksAndRejections (internal/process/task_queues.js:93:5)
	at async /home/angel/.vscode-oss/extensions/ms-toolsai.jupyter-2022.3.1000752054/out/client/extension.js:2:4550901
	at async e.activate (/home/angel/.vscode-oss/extensions/ms-toolsai.jupyter-2022.3.1000752054/out/client/extension.js:2:4550578)
	at async Promise.all (index 1)]
Error 14:15:35: Failed to active the Jupyter Extension [Error: Extension 'ms-toolsai.jupyter' CANNOT use API proposal: notebookEditor.
Its package.json#enabledApiProposals-property declares:  but NOT notebookEditor.
 The missing proposal MUST be added and you must start in extension development mode or use the following command line switch: --enable-proposed-api ms-toolsai.jupyter
	at b (/usr/lib/code/out/vs/workbench/api/node/extensionHostProcess.js:83:64781)
	at Object.onDidChangeCellMetadata (/usr/lib/code/out/vs/workbench/api/node/extensionHostProcess.js:99:51827)
	at u.addEventHandlers (/home/angel/.vscode-oss/extensions/ms-toolsai.jupyter-2022.3.1000752054/out/client/extension.js:2:49093)
	at new u (/home/angel/.vscode-oss/extensions/ms-toolsai.jupyter-2022.3.1000752054/out/client/extension.js:2:47758)
	at Object.t.resolveInstance (/home/angel/.vscode-oss/extensions/ms-toolsai.jupyter-2022.3.1000752054/out/client/extension.js:2:2746346)
	at /home/angel/.vscode-oss/extensions/ms-toolsai.jupyter-2022.3.1000752054/out/client/extension.js:2:2748242
	at Array.map (<anonymous>)
	at Object.t.resolveInstance (/home/angel/.vscode-oss/extensions/ms-toolsai.jupyter-2022.3.1000752054/out/client/extension.js:2:2746120)
	at /home/angel/.vscode-oss/extensions/ms-toolsai.jupyter-2022.3.1000752054/out/client/extension.js:2:2748242
	at /home/angel/.vscode-oss/extensions/ms-toolsai.jupyter-2022.3.1000752054/out/client/extension.js:2:2747190
	at Array.map (<anonymous>)
	at /home/angel/.vscode-oss/extensions/ms-toolsai.jupyter-2022.3.1000752054/out/client/extension.js:2:2747162
	at Array.map (<anonymous>)
	at Object.t.resolveInstance (/home/angel/.vscode-oss/extensions/ms-toolsai.jupyter-2022.3.1000752054/out/client/extension.js:2:2746120)
	at /home/angel/.vscode-oss/extensions/ms-toolsai.jupyter-2022.3.1000752054/out/client/extension.js:2:2748242
	at Object.t.resolve (/home/angel/.vscode-oss/extensions/ms-toolsai.jupyter-2022.3.1000752054/out/client/extension.js:2:2748505)
	at /home/angel/.vscode-oss/extensions/ms-toolsai.jupyter-2022.3.1000752054/out/client/extension.js:2:2734575
	at e._get (/home/angel/.vscode-oss/extensions/ms-toolsai.jupyter-2022.3.1000752054/out/client/extension.js:2:2734341)
	at e.get (/home/angel/.vscode-oss/extensions/ms-toolsai.jupyter-2022.3.1000752054/out/client/extension.js:2:2733053)
	at a.get (/home/angel/.vscode-oss/extensions/ms-toolsai.jupyter-2022.3.1000752054/out/client/extension.js:2:1077063)
	at /home/angel/.vscode-oss/extensions/ms-toolsai.jupyter-2022.3.1000752054/out/client/extension.js:2:1073203
	at processTicksAndRejections (internal/process/task_queues.js:93:5)
	at async /home/angel/.vscode-oss/extensions/ms-toolsai.jupyter-2022.3.1000752054/out/client/extension.js:2:4550901
	at async e.activate (/home/angel/.vscode-oss/extensions/ms-toolsai.jupyter-2022.3.1000752054/out/client/extension.js:2:4550578)
	at async Promise.all (index 1)]
