[2022-03-23 14:13:24.659] [sharedprocess] [info] Starting worker process with pid 23110 (type: fileWatcher, window: 1).
[2022-03-23 14:13:40.842] [sharedprocess] [info] Worker process with pid 23110 terminated normally (type: fileWatcher, window: 1).
[2022-03-23 14:13:42.264] [sharedprocess] [info] Starting worker process with pid 23281 (type: fileWatcher, window: 1).
[2022-03-23 14:14:25.928] [sharedprocess] [info] Getting Manifest... ms-python.python
[2022-03-23 14:14:26.143] [sharedprocess] [info] Installing extension: ms-python.python
[2022-03-23 14:14:27.124] [sharedprocess] [info] Getting Manifest... ms-toolsai.jupyter
[2022-03-23 14:14:29.062] [sharedprocess] [info] Installing extension: ms-toolsai.jupyter
[2022-03-23 14:14:43.217] [sharedprocess] [info] Downloaded extension: ms-toolsai.jupyter /home/angel/.config/Code - OSS/CachedExtensionVSIXs/ms-toolsai.jupyter-2022.3.1000752054
[2022-03-23 14:14:43.758] [sharedprocess] [info] Extracted extension to /home/angel/.vscode-oss/extensions/.cb61f49b-3ac6-46e6-833f-4a52d981d305: ms-toolsai.jupyter
[2022-03-23 14:14:43.857] [sharedprocess] [info] Renamed to /home/angel/.vscode-oss/extensions/ms-toolsai.jupyter-2022.3.1000752054
[2022-03-23 14:14:43.862] [sharedprocess] [info] Extracting completed. ms-toolsai.jupyter
[2022-03-23 14:14:49.252] [sharedprocess] [info] Downloaded extension: ms-python.python /home/angel/.config/Code - OSS/CachedExtensionVSIXs/ms-python.python-2022.2.1924087327
[2022-03-23 14:14:50.826] [sharedprocess] [info] Extracted extension to /home/angel/.vscode-oss/extensions/.1915682a-85e5-4cd7-b443-41d520020b1e: ms-python.python
[2022-03-23 14:14:50.838] [sharedprocess] [info] Renamed to /home/angel/.vscode-oss/extensions/ms-python.python-2022.2.1924087327
[2022-03-23 14:14:50.840] [sharedprocess] [info] Extracting completed. ms-python.python
[2022-03-23 14:14:50.843] [sharedprocess] [info] Extension installed successfully: ms-toolsai.jupyter
[2022-03-23 14:14:50.843] [sharedprocess] [info] Extension installed successfully: ms-python.python
[2022-03-23 14:14:56.458] [sharedprocess] [info] Getting Manifest... asvetliakov.vscode-neovim
[2022-03-23 14:14:56.866] [sharedprocess] [info] Installing extension: asvetliakov.vscode-neovim
[2022-03-23 14:14:58.186] [sharedprocess] [info] Downloaded extension: asvetliakov.vscode-neovim /home/angel/.config/Code - OSS/CachedExtensionVSIXs/asvetliakov.vscode-neovim-0.0.83
[2022-03-23 14:14:58.226] [sharedprocess] [info] Extracted extension to /home/angel/.vscode-oss/extensions/.72b33cc5-27d4-409a-b58a-f379c7f21e6b: asvetliakov.vscode-neovim
[2022-03-23 14:14:58.231] [sharedprocess] [info] Renamed to /home/angel/.vscode-oss/extensions/asvetliakov.vscode-neovim-0.0.83
[2022-03-23 14:14:58.232] [sharedprocess] [info] Extracting completed. asvetliakov.vscode-neovim
[2022-03-23 14:14:58.233] [sharedprocess] [info] Extension installed successfully: asvetliakov.vscode-neovim
