[2022-03-23 14:13:24.551] [exthost] [info] Extension host with pid 23068 started
[2022-03-23 14:13:24.650] [exthost] [info] ExtensionService#_doActivateExtension vscode.debug-auto-launch, startup: true, activationEvent: '*'
[2022-03-23 14:13:24.656] [exthost] [info] ExtensionService#_doActivateExtension vscode.git-base, startup: true, activationEvent: '*', root cause: vscode.github
[2022-03-23 14:13:24.660] [exthost] [info] ExtensionService#_doActivateExtension vscode.ipynb, startup: true, activationEvent: '*'
[2022-03-23 14:13:24.690] [exthost] [info] ExtensionService#_doActivateExtension vscode.git, startup: true, activationEvent: '*'
[2022-03-23 14:13:24.779] [exthost] [info] ExtensionService#_doActivateExtension vscode.github, startup: true, activationEvent: '*'
[2022-03-23 14:13:24.846] [exthost] [info] Eager extensions activated
[2022-03-23 14:13:24.859] [exthost] [info] ExtensionService#_doActivateExtension vscode.emmet, startup: false, activationEvent: 'onStartupFinished'
[2022-03-23 14:13:24.876] [exthost] [info] ExtensionService#_doActivateExtension vscode.merge-conflict, startup: false, activationEvent: 'onStartupFinished'
[2022-03-23 14:13:30.435] [exthost] [info] ExtensionService#_doActivateExtension vscode.configuration-editing, startup: false, activationEvent: 'onLanguage:jsonc'
[2022-03-23 14:13:30.440] [exthost] [info] ExtensionService#_doActivateExtension vscode.json-language-features, startup: false, activationEvent: 'onLanguage:jsonc'
[2022-03-23 14:13:30.500] [exthost] [info] ExtensionService#_doActivateExtension vscode.typescript-language-features, startup: false, activationEvent: 'onLanguage:jsonc'
[2022-03-23 14:13:40.832] [exthost] [info] extension host terminating: renderer closed the socket
[2022-03-23 14:13:40.839] [exthost] [info] Extension host with pid 23068 exiting with code 0
[2022-03-23 14:13:42.756] [exthost] [info] Extension host with pid 23280 started
[2022-03-23 14:13:42.756] [exthost] [info] Skipping acquiring lock for /home/angel/.config/Code - OSS/User/workspaceStorage/9024f9f56bd58588334ba0652dd3a078.
[2022-03-23 14:13:42.853] [exthost] [info] ExtensionService#_doActivateExtension vscode.debug-auto-launch, startup: true, activationEvent: '*'
[2022-03-23 14:13:42.856] [exthost] [info] ExtensionService#_doActivateExtension vscode.git-base, startup: true, activationEvent: '*', root cause: vscode.github
[2022-03-23 14:13:42.858] [exthost] [info] ExtensionService#_doActivateExtension vscode.ipynb, startup: true, activationEvent: '*'
[2022-03-23 14:13:42.872] [exthost] [info] ExtensionService#_doActivateExtension vscode.github, startup: true, activationEvent: '*'
[2022-03-23 14:13:42.880] [exthost] [info] Eager extensions activated
[2022-03-23 14:13:42.884] [exthost] [info] ExtensionService#_doActivateExtension vscode.emmet, startup: false, activationEvent: 'onStartupFinished'
[2022-03-23 14:13:42.888] [exthost] [info] ExtensionService#_doActivateExtension vscode.merge-conflict, startup: false, activationEvent: 'onStartupFinished'
[2022-03-23 14:13:44.104] [exthost] [info] ExtensionService#_doActivateExtension vscode.git, startup: false, activationEvent: 'api', root cause: vscode.github
[2022-03-23 14:14:51.087] [exthost] [info] ExtensionService#_doActivateExtension ms-toolsai.jupyter, startup: false, activationEvent: 'onLanguage:python'
[2022-03-23 14:14:51.478] [exthost] [info] ExtensionService#_doActivateExtension ms-python.python, startup: false, activationEvent: 'onLanguage:python'
[2022-03-23 14:14:58.372] [exthost] [info] ExtensionService#_doActivateExtension asvetliakov.vscode-neovim, startup: false, activationEvent: '*'
[2022-03-23 14:15:23.727] [exthost] [info] extension host terminating: renderer closed the socket
[2022-03-23 14:15:23.740] [exthost] [info] Extension host with pid 23280 exiting with code 0
